#
# There is insufficient memory for the Java Runtime Environment to continue.
# Native memory allocation (malloc) failed to allocate 1996016 bytes for Chunk::new
# Possible reasons:
#   The system is out of physical RAM or swap space
#   The process is running with CompressedOops enabled, and the Java Heap may be blocking the growth of the native heap
# Possible solutions:
#   Reduce memory load on the system
#   Increase physical memory or swap space
#   Check if swap backing store is full
#   Decrease Java heap size (-Xmx/-Xms)
#   Decrease number of Java threads
#   Decrease Java thread stack sizes (-Xss)
#   Set larger code cache with -XX:ReservedCodeCacheSize=
#   JVM is running with Unscaled Compressed Oops mode in which the Java heap is
#     placed in the first 4GB address space. The Java Heap base address is the
#     maximum limit for the native heap growth. Please use -XX:HeapBaseMinAddress
#     to set the Java Heap base and to place the Java Heap above 4GB virtual address.
# This output file may be truncated or incomplete.
#
#  Out of Memory Error (arena.cpp:189), pid=2264, tid=14468
#
# JRE version: Java(TM) SE Runtime Environment (17.0.8+9) (build 17.0.8+9-LTS-211)
# Java VM: Java HotSpot(TM) 64-Bit Server VM (17.0.8+9-LTS-211, mixed mode, sharing, tiered, compressed oops, compressed class ptrs, g1 gc, windows-amd64)
# No core dump will be written. Minidumps are not enabled by default on client versions of Windows
#

---------------  S U M M A R Y ------------

Command Line: --add-opens=java.base/java.util=ALL-UNNAMED --add-opens=java.base/java.lang=ALL-UNNAMED --add-opens=java.base/java.lang.invoke=ALL-UNNAMED --add-opens=java.prefs/java.util.prefs=ALL-UNNAMED --add-opens=java.base/java.nio.charset=ALL-UNNAMED --add-opens=java.base/java.net=ALL-UNNAMED --add-opens=java.base/java.util.concurrent.atomic=ALL-UNNAMED -XX:MaxMetaspaceSize=384m -XX:+HeapDumpOnOutOfMemoryError -Xms256m -Xmx512m -Dfile.encoding=windows-1252 -Duser.country=US -Duser.language=en -Duser.variant -javaagent:C:\Users\phgss\.gradle\wrapper\dists\gradle-8.6-bin\afr5mpiioh2wthjmwnkmdsd5w\gradle-8.6\lib\agents\gradle-instrumentation-agent-8.6.jar org.gradle.launcher.daemon.bootstrap.GradleDaemon 8.6

Host: Intel(R) Core(TM) i5-8265U CPU @ 1.60GHz, 8 cores, 7G,  Windows 11 , 64 bit Build 22621 (10.0.22621.3374)
Time: Sat Apr 20 12:40:14 2024 SE Asia Standard Time elapsed time: 172.172898 seconds (0d 0h 2m 52s)

---------------  T H R E A D  ---------------

Current thread (0x0000020e4bb4c420):  JavaThread "C2 CompilerThread0" daemon [_thread_in_native, id=14468, stack(0x0000009e77600000,0x0000009e77700000)]


Current CompileTask:
C2: 172173 6362       4       com.sun.beans.TypeResolver::resolve (37 bytes)

Stack: [0x0000009e77600000,0x0000009e77700000]
Native frames: (J=compiled Java code, j=interpreted, Vv=VM code, C=native code)
V  [jvm.dll+0x677d0a]
V  [jvm.dll+0x7d8c54]
V  [jvm.dll+0x7da3fe]
V  [jvm.dll+0x7daa63]
V  [jvm.dll+0x245c5f]
V  [jvm.dll+0xaaa6b]
V  [jvm.dll+0xab00c]
V  [jvm.dll+0x361e3f]
V  [jvm.dll+0x1bb87a]
V  [jvm.dll+0x218157]
V  [jvm.dll+0x217431]
V  [jvm.dll+0x1a3af0]
V  [jvm.dll+0x2270be]
V  [jvm.dll+0x22535b]
V  [jvm.dll+0x78e7bc]
V  [jvm.dll+0x788bba]
V  [jvm.dll+0x676b35]
C  [ucrtbase.dll+0x29333]
C  [KERNEL32.DLL+0x1257d]
C  [ntdll.dll+0x5aa48]


---------------  P R O C E S S  ---------------

Threads class SMR info:
_java_thread_list=0x0000020e65bdf300, length=58, elements={
0x0000020e31200330, 0x0000020e4bb2bf20, 0x0000020e4bb2cb90, 0x0000020e4bb47970,
0x0000020e4bb48320, 0x0000020e4bb48cd0, 0x0000020e4bb49680, 0x0000020e4bb4c420,
0x0000020e4bb587e0, 0x0000020e4bb5d510, 0x0000020e4bb19f80, 0x0000020e652359a0,
0x0000020e661afdc0, 0x0000020e6681f9a0, 0x0000020e673ad030, 0x0000020e667164e0,
0x0000020e667169b0, 0x0000020e66949160, 0x0000020e66949a40, 0x0000020e6600a490,
0x0000020e667064d0, 0x0000020e66705190, 0x0000020e66707ce0, 0x0000020e667081b0,
0x0000020e66707340, 0x0000020e667069a0, 0x0000020e66704cc0, 0x0000020e66708680,
0x0000020e66705660, 0x0000020e66705b30, 0x0000020e66000730, 0x0000020e65ffea50,
0x0000020e65fff8c0, 0x0000020e66001f40, 0x0000020e65ffef20, 0x0000020e65ffd240,
0x0000020e660010d0, 0x0000020e66001a70, 0x0000020e65fff3f0, 0x0000020e660028e0,
0x0000020e65fffd90, 0x0000020e66003c20, 0x0000020e65ffc3d0, 0x0000020e66002410,
0x0000020e66002db0, 0x0000020e66003750, 0x0000020e65ffd710, 0x0000020e65ffdbe0,
0x0000020e65ffe580, 0x0000020e660015a0, 0x0000020e66ad1bb0, 0x0000020e66ad2a20,
0x0000020e66ad63e0, 0x0000020e66ad0d40, 0x0000020e66ad1210, 0x0000020e66ad2080,
0x0000020e66ad4230, 0x0000020e66ad5a40
}

Java Threads: ( => current thread )
  0x0000020e31200330 JavaThread "main" [_thread_blocked, id=9832, stack(0x0000009e76900000,0x0000009e76a00000)]
  0x0000020e4bb2bf20 JavaThread "Reference Handler" daemon [_thread_blocked, id=15452, stack(0x0000009e77000000,0x0000009e77100000)]
  0x0000020e4bb2cb90 JavaThread "Finalizer" daemon [_thread_blocked, id=13480, stack(0x0000009e77100000,0x0000009e77200000)]
  0x0000020e4bb47970 JavaThread "Signal Dispatcher" daemon [_thread_blocked, id=11464, stack(0x0000009e77200000,0x0000009e77300000)]
  0x0000020e4bb48320 JavaThread "Attach Listener" daemon [_thread_blocked, id=16240, stack(0x0000009e77300000,0x0000009e77400000)]
  0x0000020e4bb48cd0 JavaThread "Service Thread" daemon [_thread_blocked, id=9428, stack(0x0000009e77400000,0x0000009e77500000)]
  0x0000020e4bb49680 JavaThread "Monitor Deflation Thread" daemon [_thread_blocked, id=1736, stack(0x0000009e77500000,0x0000009e77600000)]
=>0x0000020e4bb4c420 JavaThread "C2 CompilerThread0" daemon [_thread_in_native, id=14468, stack(0x0000009e77600000,0x0000009e77700000)]
  0x0000020e4bb587e0 JavaThread "C1 CompilerThread0" daemon [_thread_blocked, id=2348, stack(0x0000009e77700000,0x0000009e77800000)]
  0x0000020e4bb5d510 JavaThread "Sweeper thread" daemon [_thread_blocked, id=13272, stack(0x0000009e77800000,0x0000009e77900000)]
  0x0000020e4bb19f80 JavaThread "Common-Cleaner" daemon [_thread_blocked, id=8208, stack(0x0000009e77900000,0x0000009e77a00000)]
  0x0000020e652359a0 JavaThread "Notification Thread" daemon [_thread_blocked, id=10132, stack(0x0000009e77a00000,0x0000009e77b00000)]
  0x0000020e661afdc0 JavaThread "Daemon health stats" [_thread_blocked, id=16548, stack(0x0000009e77c00000,0x0000009e77d00000)]
  0x0000020e6681f9a0 JavaThread "Incoming local TCP Connector on port 59628" [_thread_in_native, id=3796, stack(0x0000009e78200000,0x0000009e78300000)]
  0x0000020e673ad030 JavaThread "Daemon periodic checks" [_thread_in_native, id=5936, stack(0x0000009e78300000,0x0000009e78400000)]
  0x0000020e667164e0 JavaThread "Daemon" [_thread_blocked, id=8552, stack(0x0000009e78500000,0x0000009e78600000)]
  0x0000020e667169b0 JavaThread "Handler for socket connection from /127.0.0.1:59628 to /127.0.0.1:59636" [_thread_in_native, id=5280, stack(0x0000009e78600000,0x0000009e78700000)]
  0x0000020e66949160 JavaThread "Cancel handler" [_thread_blocked, id=9268, stack(0x0000009e78700000,0x0000009e78800000)]
  0x0000020e66949a40 JavaThread "Daemon worker" [_thread_blocked, id=1256, stack(0x0000009e78800000,0x0000009e78900000)]
  0x0000020e6600a490 JavaThread "Asynchronous log dispatcher for DefaultDaemonConnection: socket connection from /127.0.0.1:59628 to /127.0.0.1:59636" [_thread_blocked, id=13624, stack(0x0000009e78900000,0x0000009e78a00000)]
  0x0000020e667064d0 JavaThread "Stdin handler" [_thread_blocked, id=11776, stack(0x0000009e78a00000,0x0000009e78b00000)]
  0x0000020e66705190 JavaThread "Daemon client event forwarder" [_thread_blocked, id=12472, stack(0x0000009e78b00000,0x0000009e78c00000)]
  0x0000020e66707ce0 JavaThread "Cache worker for journal cache (C:\Users\phgss\.gradle\caches\journal-1)" [_thread_blocked, id=13820, stack(0x0000009e78c00000,0x0000009e78d00000)]
  0x0000020e667081b0 JavaThread "File lock request listener" [_thread_in_native, id=13256, stack(0x0000009e78d00000,0x0000009e78e00000)]
  0x0000020e66707340 JavaThread "File lock release action executor" [_thread_blocked, id=16508, stack(0x0000009e78e00000,0x0000009e78f00000)]
  0x0000020e667069a0 JavaThread "Cache worker for file hash cache (C:\Users\phgss\.gradle\caches\8.6\fileHashes)" [_thread_blocked, id=11784, stack(0x0000009e78f00000,0x0000009e79000000)]
  0x0000020e66704cc0 JavaThread "File watcher server" daemon [_thread_in_native, id=13004, stack(0x0000009e79000000,0x0000009e79100000)]
  0x0000020e66708680 JavaThread "File watcher consumer" daemon [_thread_blocked, id=3580, stack(0x0000009e79100000,0x0000009e79200000)]
  0x0000020e66705660 JavaThread "Cache worker for checksums cache (D:\STT12_PhamHaNam_week2\author\.gradle\8.6\checksums)" [_thread_blocked, id=15200, stack(0x0000009e79500000,0x0000009e79600000)]
  0x0000020e66705b30 JavaThread "Cache worker for file hash cache (D:\STT12_PhamHaNam_week2\author\.gradle\8.6\fileHashes)" [_thread_blocked, id=12168, stack(0x0000009e79600000,0x0000009e79700000)]
  0x0000020e66000730 JavaThread "Cache worker for cache directory md-supplier (C:\Users\phgss\.gradle\caches\8.6\md-supplier)" [_thread_blocked, id=4480, stack(0x0000009e79700000,0x0000009e79800000)]
  0x0000020e65ffea50 JavaThread "Cache worker for cache directory md-rule (C:\Users\phgss\.gradle\caches\8.6\md-rule)" [_thread_blocked, id=17440, stack(0x0000009e79800000,0x0000009e79900000)]
  0x0000020e65fff8c0 JavaThread "Cache worker for file content cache (C:\Users\phgss\.gradle\caches\8.6\fileContent)" [_thread_blocked, id=17600, stack(0x0000009e79900000,0x0000009e79a00000)]
  0x0000020e66001f40 JavaThread "jar transforms" [_thread_blocked, id=17936, stack(0x0000009e79d00000,0x0000009e79e00000)]
  0x0000020e65ffef20 JavaThread "jar transforms Thread 2" [_thread_blocked, id=18328, stack(0x0000009e79e00000,0x0000009e79f00000)]
  0x0000020e65ffd240 JavaThread "jar transforms Thread 3" [_thread_blocked, id=10824, stack(0x0000009e79f00000,0x0000009e7a000000)]
  0x0000020e660010d0 JavaThread "jar transforms Thread 4" [_thread_blocked, id=9948, stack(0x0000009e7a000000,0x0000009e7a100000)]
  0x0000020e66001a70 JavaThread "jar transforms Thread 5" [_thread_blocked, id=18492, stack(0x0000009e7a100000,0x0000009e7a200000)]
  0x0000020e65fff3f0 JavaThread "jar transforms Thread 6" [_thread_blocked, id=18528, stack(0x0000009e7a200000,0x0000009e7a300000)]
  0x0000020e660028e0 JavaThread "jar transforms Thread 7" [_thread_blocked, id=18740, stack(0x0000009e7a600000,0x0000009e7a700000)]
  0x0000020e65fffd90 JavaThread "Cache worker for Build Output Cleanup Cache (D:\STT12_PhamHaNam_week2\author\.gradle\buildOutputCleanup)" [_thread_blocked, id=19284, stack(0x0000009e76700000,0x0000009e76800000)]
  0x0000020e66003c20 JavaThread "Unconstrained build operations" [_thread_blocked, id=5848, stack(0x0000009e76800000,0x0000009e76900000)]
  0x0000020e65ffc3d0 JavaThread "Unconstrained build operations Thread 2" [_thread_blocked, id=7220, stack(0x0000009e78400000,0x0000009e78500000)]
  0x0000020e66002410 JavaThread "Unconstrained build operations Thread 3" [_thread_blocked, id=8072, stack(0x0000009e7a700000,0x0000009e7a800000)]
  0x0000020e66002db0 JavaThread "Unconstrained build operations Thread 4" [_thread_blocked, id=7936, stack(0x0000009e7a800000,0x0000009e7a900000)]
  0x0000020e66003750 JavaThread "Unconstrained build operations Thread 5" [_thread_blocked, id=8852, stack(0x0000009e7a900000,0x0000009e7aa00000)]
  0x0000020e65ffd710 JavaThread "Unconstrained build operations Thread 6" [_thread_blocked, id=892, stack(0x0000009e7aa00000,0x0000009e7ab00000)]
  0x0000020e65ffdbe0 JavaThread "Unconstrained build operations Thread 7" [_thread_blocked, id=17824, stack(0x0000009e7ab00000,0x0000009e7ac00000)]
  0x0000020e65ffe580 JavaThread "Memory manager" [_thread_blocked, id=19884, stack(0x0000009e79c00000,0x0000009e79d00000)]
  0x0000020e660015a0 JavaThread "jar transforms Thread 8" [_thread_blocked, id=19968, stack(0x0000009e79a00000,0x0000009e79b00000)]
  0x0000020e66ad1bb0 JavaThread "included builds" [_thread_in_Java, id=20036, stack(0x0000009e7ac00000,0x0000009e7ad00000)]
  0x0000020e66ad2a20 JavaThread "Execution worker" [_thread_blocked, id=4248, stack(0x0000009e7ad00000,0x0000009e7ae00000)]
  0x0000020e66ad63e0 JavaThread "Execution worker Thread 2" [_thread_blocked, id=12192, stack(0x0000009e7ae00000,0x0000009e7af00000)]
  0x0000020e66ad0d40 JavaThread "Execution worker Thread 3" [_thread_blocked, id=19944, stack(0x0000009e7af00000,0x0000009e7b000000)]
  0x0000020e66ad1210 JavaThread "Execution worker Thread 4" [_thread_blocked, id=20096, stack(0x0000009e7b000000,0x0000009e7b100000)]
  0x0000020e66ad2080 JavaThread "Execution worker Thread 5" [_thread_blocked, id=19976, stack(0x0000009e7b100000,0x0000009e7b200000)]
  0x0000020e66ad4230 JavaThread "Execution worker Thread 6" [_thread_blocked, id=20092, stack(0x0000009e7b200000,0x0000009e7b300000)]
  0x0000020e66ad5a40 JavaThread "Execution worker Thread 7" [_thread_blocked, id=19088, stack(0x0000009e7b300000,0x0000009e7b400000)]

Other Threads:
  0x0000020e4bb28430 VMThread "VM Thread" [stack: 0x0000009e76f00000,0x0000009e77000000] [id=11136]
  0x0000020e651c7800 WatcherThread [stack: 0x0000009e77b00000,0x0000009e77c00000] [id=6512]
  0x0000020e312320f0 GCTaskThread "GC Thread#0" [stack: 0x0000009e76a00000,0x0000009e76b00000] [id=10244]
  0x0000020e65c6e790 GCTaskThread "GC Thread#1" [stack: 0x0000009e77d00000,0x0000009e77e00000] [id=7884]
  0x0000020e65febae0 GCTaskThread "GC Thread#2" [stack: 0x0000009e77e00000,0x0000009e77f00000] [id=17104]
  0x0000020e65ae39a0 GCTaskThread "GC Thread#3" [stack: 0x0000009e77f00000,0x0000009e78000000] [id=11544]
  0x0000020e65ae3c50 GCTaskThread "GC Thread#4" [stack: 0x0000009e78000000,0x0000009e78100000] [id=8468]
  0x0000020e65e956c0 GCTaskThread "GC Thread#5" [stack: 0x0000009e78100000,0x0000009e78200000] [id=11736]
  0x0000020e679825c0 GCTaskThread "GC Thread#6" [stack: 0x0000009e79200000,0x0000009e79300000] [id=16572]
  0x0000020e67983b40 GCTaskThread "GC Thread#7" [stack: 0x0000009e79300000,0x0000009e79400000] [id=15232]
  0x0000020e31236f30 ConcurrentGCThread "G1 Main Marker" [stack: 0x0000009e76b00000,0x0000009e76c00000] [id=9012]
  0x0000020e31238850 ConcurrentGCThread "G1 Conc#0" [stack: 0x0000009e76c00000,0x0000009e76d00000] [id=12496]
  0x0000020e67982870 ConcurrentGCThread "G1 Conc#1" [stack: 0x0000009e79400000,0x0000009e79500000] [id=13528]
  0x0000020e312cdaa0 ConcurrentGCThread "G1 Refine#0" [stack: 0x0000009e76d00000,0x0000009e76e00000] [id=10660]
  0x0000020e67345ae0 ConcurrentGCThread "G1 Refine#1" [stack: 0x0000009e7a300000,0x0000009e7a400000] [id=18584]
  0x0000020e679010d0 ConcurrentGCThread "G1 Refine#2" [stack: 0x0000009e7a400000,0x0000009e7a500000] [id=18588]
  0x0000020e66badac0 ConcurrentGCThread "G1 Refine#3" [stack: 0x0000009e7a500000,0x0000009e7a600000] [id=18592]
  0x0000020e312ce3c0 ConcurrentGCThread "G1 Service" [stack: 0x0000009e76e00000,0x0000009e76f00000] [id=1896]

Threads with active compile tasks:
C2 CompilerThread0   172245 6362       4       com.sun.beans.TypeResolver::resolve (37 bytes)

VM state: not at safepoint (normal execution)

VM Mutex/Monitor currently owned by a thread: None

Heap address: 0x00000000e0000000, size: 512 MB, Compressed Oops mode: 32-bit

CDS archive(s) mapped at: [0x0000020e4c000000-0x0000020e4cbd0000-0x0000020e4cbd0000), size 12386304, SharedBaseAddress: 0x0000020e4c000000, ArchiveRelocationMode: 1.
Compressed class space mapped at: 0x0000020e4d000000-0x0000020e61000000, reserved size: 335544320
Narrow klass base: 0x0000020e4c000000, Narrow klass shift: 0, Narrow klass range: 0x100000000

GC Precious Log:
 CPUs: 8 total, 8 available
 Memory: 8043M
 Large Page Support: Disabled
 NUMA Support: Disabled
 Compressed Oops: Enabled (32-bit)
 Heap Region Size: 1M
 Heap Min Capacity: 256M
 Heap Initial Capacity: 256M
 Heap Max Capacity: 512M
 Pre-touch: Disabled
 Parallel Workers: 8
 Concurrent Workers: 2
 Concurrent Refinement Workers: 8
 Periodic GC: Disabled

Heap:
 garbage-first heap   total 262144K, used 56124K [0x00000000e0000000, 0x0000000100000000)
  region size 1024K, 27 young (27648K), 10 survivors (10240K)
 Metaspace       used 49468K, committed 49984K, reserved 393216K
  class space    used 7079K, committed 7360K, reserved 327680K

Heap Regions: E=young(eden), S=young(survivor), O=old, HS=humongous(starts), HC=humongous(continues), CS=collection set, F=free, OA=open archive, CA=closed archive, TAMS=top-at-mark-start (previous, next)
|   0|0x00000000e0000000, 0x00000000e0100000, 0x00000000e0100000|100%|HS|  |TAMS 0x00000000e0100000, 0x00000000e0000000| Complete 
|   1|0x00000000e0100000, 0x00000000e0200000, 0x00000000e0200000|100%|HC|  |TAMS 0x00000000e0200000, 0x00000000e0100000| Complete 
|   2|0x00000000e0200000, 0x00000000e0300000, 0x00000000e0300000|100%|HC|  |TAMS 0x00000000e0300000, 0x00000000e0200000| Complete 
|   3|0x00000000e0300000, 0x00000000e0400000, 0x00000000e0400000|100%|HC|  |TAMS 0x00000000e0400000, 0x00000000e0300000| Complete 
|   4|0x00000000e0400000, 0x00000000e0500000, 0x00000000e0500000|100%| O|  |TAMS 0x00000000e0500000, 0x00000000e0400000| Untracked 
|   5|0x00000000e0500000, 0x00000000e0600000, 0x00000000e0600000|100%| O|  |TAMS 0x00000000e0600000, 0x00000000e0500000| Untracked 
|   6|0x00000000e0600000, 0x00000000e0700000, 0x00000000e0700000|100%| O|  |TAMS 0x00000000e0700000, 0x00000000e0600000| Untracked 
|   7|0x00000000e0700000, 0x00000000e0700000, 0x00000000e0800000|  0%| F|  |TAMS 0x00000000e0700000, 0x00000000e0700000| Untracked 
|   8|0x00000000e0800000, 0x00000000e0900000, 0x00000000e0900000|100%| O|  |TAMS 0x00000000e0900000, 0x00000000e0800000| Untracked 
|   9|0x00000000e0900000, 0x00000000e0a00000, 0x00000000e0a00000|100%| O|  |TAMS 0x00000000e0a00000, 0x00000000e0900000| Untracked 
|  10|0x00000000e0a00000, 0x00000000e0b00000, 0x00000000e0b00000|100%| O|  |TAMS 0x00000000e0b00000, 0x00000000e0a00000| Untracked 
|  11|0x00000000e0b00000, 0x00000000e0c00000, 0x00000000e0c00000|100%| O|  |TAMS 0x00000000e0c00000, 0x00000000e0b00000| Untracked 
|  12|0x00000000e0c00000, 0x00000000e0d00000, 0x00000000e0d00000|100%| O|  |TAMS 0x00000000e0d00000, 0x00000000e0c00000| Untracked 
|  13|0x00000000e0d00000, 0x00000000e0e00000, 0x00000000e0e00000|100%| O|  |TAMS 0x00000000e0e00000, 0x00000000e0d00000| Untracked 
|  14|0x00000000e0e00000, 0x00000000e0f00000, 0x00000000e0f00000|100%| O|  |TAMS 0x00000000e0f00000, 0x00000000e0e00000| Untracked 
|  15|0x00000000e0f00000, 0x00000000e1000000, 0x00000000e1000000|100%| O|  |TAMS 0x00000000e1000000, 0x00000000e0f00000| Untracked 
|  16|0x00000000e1000000, 0x00000000e1100000, 0x00000000e1100000|100%| O|  |TAMS 0x00000000e1100000, 0x00000000e1000000| Untracked 
|  17|0x00000000e1100000, 0x00000000e1200000, 0x00000000e1200000|100%| O|  |TAMS 0x00000000e1200000, 0x00000000e1100000| Untracked 
|  18|0x00000000e1200000, 0x00000000e1300000, 0x00000000e1300000|100%| O|  |TAMS 0x00000000e1300000, 0x00000000e1200000| Untracked 
|  19|0x00000000e1300000, 0x00000000e1400000, 0x00000000e1400000|100%| O|  |TAMS 0x00000000e1400000, 0x00000000e1300000| Untracked 
|  20|0x00000000e1400000, 0x00000000e1500000, 0x00000000e1500000|100%| O|  |TAMS 0x00000000e1500000, 0x00000000e1400000| Untracked 
|  21|0x00000000e1500000, 0x00000000e1600000, 0x00000000e1600000|100%| O|  |TAMS 0x00000000e1600000, 0x00000000e1500000| Untracked 
|  22|0x00000000e1600000, 0x00000000e1700000, 0x00000000e1700000|100%| O|  |TAMS 0x00000000e1700000, 0x00000000e1600000| Untracked 
|  23|0x00000000e1700000, 0x00000000e1800000, 0x00000000e1800000|100%| O|  |TAMS 0x00000000e1800000, 0x00000000e1700000| Untracked 
|  24|0x00000000e1800000, 0x00000000e1900000, 0x00000000e1900000|100%| O|  |TAMS 0x00000000e1900000, 0x00000000e1800000| Untracked 
|  25|0x00000000e1900000, 0x00000000e1a00000, 0x00000000e1a00000|100%| O|  |TAMS 0x00000000e1a00000, 0x00000000e1900000| Untracked 
|  26|0x00000000e1a00000, 0x00000000e1b00000, 0x00000000e1b00000|100%| O|  |TAMS 0x00000000e1b00000, 0x00000000e1a00000| Untracked 
|  27|0x00000000e1b00000, 0x00000000e1c00000, 0x00000000e1c00000|100%| O|  |TAMS 0x00000000e1c00000, 0x00000000e1b00000| Untracked 
|  28|0x00000000e1c00000, 0x00000000e1d00000, 0x00000000e1d00000|100%| O|  |TAMS 0x00000000e1d00000, 0x00000000e1c00000| Untracked 
|  29|0x00000000e1d00000, 0x00000000e1e00000, 0x00000000e1e00000|100%| O|  |TAMS 0x00000000e1e00000, 0x00000000e1d00000| Untracked 
|  30|0x00000000e1e00000, 0x00000000e1eb7800, 0x00000000e1f00000| 71%| O|  |TAMS 0x00000000e1eb7800, 0x00000000e1e00000| Untracked 
|  31|0x00000000e1f00000, 0x00000000e1f00000, 0x00000000e2000000|  0%| F|  |TAMS 0x00000000e1f00000, 0x00000000e1f00000| Untracked 
|  32|0x00000000e2000000, 0x00000000e2000000, 0x00000000e2100000|  0%| F|  |TAMS 0x00000000e2000000, 0x00000000e2000000| Untracked 
|  33|0x00000000e2100000, 0x00000000e2100000, 0x00000000e2200000|  0%| F|  |TAMS 0x00000000e2100000, 0x00000000e2100000| Untracked 
|  34|0x00000000e2200000, 0x00000000e2200000, 0x00000000e2300000|  0%| F|  |TAMS 0x00000000e2200000, 0x00000000e2200000| Untracked 
|  35|0x00000000e2300000, 0x00000000e2300000, 0x00000000e2400000|  0%| F|  |TAMS 0x00000000e2300000, 0x00000000e2300000| Untracked 
|  36|0x00000000e2400000, 0x00000000e2400000, 0x00000000e2500000|  0%| F|  |TAMS 0x00000000e2400000, 0x00000000e2400000| Untracked 
|  37|0x00000000e2500000, 0x00000000e2500000, 0x00000000e2600000|  0%| F|  |TAMS 0x00000000e2500000, 0x00000000e2500000| Untracked 
|  38|0x00000000e2600000, 0x00000000e2600000, 0x00000000e2700000|  0%| F|  |TAMS 0x00000000e2600000, 0x00000000e2600000| Untracked 
|  39|0x00000000e2700000, 0x00000000e2700000, 0x00000000e2800000|  0%| F|  |TAMS 0x00000000e2700000, 0x00000000e2700000| Untracked 
|  40|0x00000000e2800000, 0x00000000e2800000, 0x00000000e2900000|  0%| F|  |TAMS 0x00000000e2800000, 0x00000000e2800000| Untracked 
|  41|0x00000000e2900000, 0x00000000e2900000, 0x00000000e2a00000|  0%| F|  |TAMS 0x00000000e2900000, 0x00000000e2900000| Untracked 
|  42|0x00000000e2a00000, 0x00000000e2a00000, 0x00000000e2b00000|  0%| F|  |TAMS 0x00000000e2a00000, 0x00000000e2a00000| Untracked 
|  43|0x00000000e2b00000, 0x00000000e2b00000, 0x00000000e2c00000|  0%| F|  |TAMS 0x00000000e2b00000, 0x00000000e2b00000| Untracked 
|  44|0x00000000e2c00000, 0x00000000e2c00000, 0x00000000e2d00000|  0%| F|  |TAMS 0x00000000e2c00000, 0x00000000e2c00000| Untracked 
|  45|0x00000000e2d00000, 0x00000000e2d00000, 0x00000000e2e00000|  0%| F|  |TAMS 0x00000000e2d00000, 0x00000000e2d00000| Untracked 
|  46|0x00000000e2e00000, 0x00000000e2e00000, 0x00000000e2f00000|  0%| F|  |TAMS 0x00000000e2e00000, 0x00000000e2e00000| Untracked 
|  47|0x00000000e2f00000, 0x00000000e2f00000, 0x00000000e3000000|  0%| F|  |TAMS 0x00000000e2f00000, 0x00000000e2f00000| Untracked 
|  48|0x00000000e3000000, 0x00000000e3000000, 0x00000000e3100000|  0%| F|  |TAMS 0x00000000e3000000, 0x00000000e3000000| Untracked 
|  49|0x00000000e3100000, 0x00000000e3100000, 0x00000000e3200000|  0%| F|  |TAMS 0x00000000e3100000, 0x00000000e3100000| Untracked 
|  50|0x00000000e3200000, 0x00000000e3200000, 0x00000000e3300000|  0%| F|  |TAMS 0x00000000e3200000, 0x00000000e3200000| Untracked 
|  51|0x00000000e3300000, 0x00000000e3300000, 0x00000000e3400000|  0%| F|  |TAMS 0x00000000e3300000, 0x00000000e3300000| Untracked 
|  52|0x00000000e3400000, 0x00000000e3400000, 0x00000000e3500000|  0%| F|  |TAMS 0x00000000e3400000, 0x00000000e3400000| Untracked 
|  53|0x00000000e3500000, 0x00000000e3500000, 0x00000000e3600000|  0%| F|  |TAMS 0x00000000e3500000, 0x00000000e3500000| Untracked 
|  54|0x00000000e3600000, 0x00000000e3600000, 0x00000000e3700000|  0%| F|  |TAMS 0x00000000e3600000, 0x00000000e3600000| Untracked 
|  55|0x00000000e3700000, 0x00000000e3700000, 0x00000000e3800000|  0%| F|  |TAMS 0x00000000e3700000, 0x00000000e3700000| Untracked 
|  56|0x00000000e3800000, 0x00000000e3800000, 0x00000000e3900000|  0%| F|  |TAMS 0x00000000e3800000, 0x00000000e3800000| Untracked 
|  57|0x00000000e3900000, 0x00000000e3900000, 0x00000000e3a00000|  0%| F|  |TAMS 0x00000000e3900000, 0x00000000e3900000| Untracked 
|  58|0x00000000e3a00000, 0x00000000e3a00000, 0x00000000e3b00000|  0%| F|  |TAMS 0x00000000e3a00000, 0x00000000e3a00000| Untracked 
|  59|0x00000000e3b00000, 0x00000000e3b00000, 0x00000000e3c00000|  0%| F|  |TAMS 0x00000000e3b00000, 0x00000000e3b00000| Untracked 
|  60|0x00000000e3c00000, 0x00000000e3c00000, 0x00000000e3d00000|  0%| F|  |TAMS 0x00000000e3c00000, 0x00000000e3c00000| Untracked 
|  61|0x00000000e3d00000, 0x00000000e3d00000, 0x00000000e3e00000|  0%| F|  |TAMS 0x00000000e3d00000, 0x00000000e3d00000| Untracked 
|  62|0x00000000e3e00000, 0x00000000e3e00000, 0x00000000e3f00000|  0%| F|  |TAMS 0x00000000e3e00000, 0x00000000e3e00000| Untracked 
|  63|0x00000000e3f00000, 0x00000000e3f00000, 0x00000000e4000000|  0%| F|  |TAMS 0x00000000e3f00000, 0x00000000e3f00000| Untracked 
|  64|0x00000000e4000000, 0x00000000e4000000, 0x00000000e4100000|  0%| F|  |TAMS 0x00000000e4000000, 0x00000000e4000000| Untracked 
|  65|0x00000000e4100000, 0x00000000e4100000, 0x00000000e4200000|  0%| F|  |TAMS 0x00000000e4100000, 0x00000000e4100000| Untracked 
|  66|0x00000000e4200000, 0x00000000e4200000, 0x00000000e4300000|  0%| F|  |TAMS 0x00000000e4200000, 0x00000000e4200000| Untracked 
|  67|0x00000000e4300000, 0x00000000e4300000, 0x00000000e4400000|  0%| F|  |TAMS 0x00000000e4300000, 0x00000000e4300000| Untracked 
|  68|0x00000000e4400000, 0x00000000e4400000, 0x00000000e4500000|  0%| F|  |TAMS 0x00000000e4400000, 0x00000000e4400000| Untracked 
|  69|0x00000000e4500000, 0x00000000e4500000, 0x00000000e4600000|  0%| F|  |TAMS 0x00000000e4500000, 0x00000000e4500000| Untracked 
|  70|0x00000000e4600000, 0x00000000e4600000, 0x00000000e4700000|  0%| F|  |TAMS 0x00000000e4600000, 0x00000000e4600000| Untracked 
|  71|0x00000000e4700000, 0x00000000e4700000, 0x00000000e4800000|  0%| F|  |TAMS 0x00000000e4700000, 0x00000000e4700000| Untracked 
|  72|0x00000000e4800000, 0x00000000e4800000, 0x00000000e4900000|  0%| F|  |TAMS 0x00000000e4800000, 0x00000000e4800000| Untracked 
|  73|0x00000000e4900000, 0x00000000e4900000, 0x00000000e4a00000|  0%| F|  |TAMS 0x00000000e4900000, 0x00000000e4900000| Untracked 
|  74|0x00000000e4a00000, 0x00000000e4a00000, 0x00000000e4b00000|  0%| F|  |TAMS 0x00000000e4a00000, 0x00000000e4a00000| Untracked 
|  75|0x00000000e4b00000, 0x00000000e4b00000, 0x00000000e4c00000|  0%| F|  |TAMS 0x00000000e4b00000, 0x00000000e4b00000| Untracked 
|  76|0x00000000e4c00000, 0x00000000e4c00000, 0x00000000e4d00000|  0%| F|  |TAMS 0x00000000e4c00000, 0x00000000e4c00000| Untracked 
|  77|0x00000000e4d00000, 0x00000000e4d00000, 0x00000000e4e00000|  0%| F|  |TAMS 0x00000000e4d00000, 0x00000000e4d00000| Untracked 
|  78|0x00000000e4e00000, 0x00000000e4e00000, 0x00000000e4f00000|  0%| F|  |TAMS 0x00000000e4e00000, 0x00000000e4e00000| Untracked 
|  79|0x00000000e4f00000, 0x00000000e4f00000, 0x00000000e5000000|  0%| F|  |TAMS 0x00000000e4f00000, 0x00000000e4f00000| Untracked 
|  80|0x00000000e5000000, 0x00000000e5000000, 0x00000000e5100000|  0%| F|  |TAMS 0x00000000e5000000, 0x00000000e5000000| Untracked 
|  81|0x00000000e5100000, 0x00000000e5100000, 0x00000000e5200000|  0%| F|  |TAMS 0x00000000e5100000, 0x00000000e5100000| Untracked 
|  82|0x00000000e5200000, 0x00000000e5200000, 0x00000000e5300000|  0%| F|  |TAMS 0x00000000e5200000, 0x00000000e5200000| Untracked 
|  83|0x00000000e5300000, 0x00000000e5300000, 0x00000000e5400000|  0%| F|  |TAMS 0x00000000e5300000, 0x00000000e5300000| Untracked 
|  84|0x00000000e5400000, 0x00000000e5400000, 0x00000000e5500000|  0%| F|  |TAMS 0x00000000e5400000, 0x00000000e5400000| Untracked 
|  85|0x00000000e5500000, 0x00000000e5500000, 0x00000000e5600000|  0%| F|  |TAMS 0x00000000e5500000, 0x00000000e5500000| Untracked 
|  86|0x00000000e5600000, 0x00000000e5600000, 0x00000000e5700000|  0%| F|  |TAMS 0x00000000e5600000, 0x00000000e5600000| Untracked 
|  87|0x00000000e5700000, 0x00000000e5700000, 0x00000000e5800000|  0%| F|  |TAMS 0x00000000e5700000, 0x00000000e5700000| Untracked 
|  88|0x00000000e5800000, 0x00000000e5800000, 0x00000000e5900000|  0%| F|  |TAMS 0x00000000e5800000, 0x00000000e5800000| Untracked 
|  89|0x00000000e5900000, 0x00000000e5900000, 0x00000000e5a00000|  0%| F|  |TAMS 0x00000000e5900000, 0x00000000e5900000| Untracked 
|  90|0x00000000e5a00000, 0x00000000e5a00000, 0x00000000e5b00000|  0%| F|  |TAMS 0x00000000e5a00000, 0x00000000e5a00000| Untracked 
|  91|0x00000000e5b00000, 0x00000000e5b00000, 0x00000000e5c00000|  0%| F|  |TAMS 0x00000000e5b00000, 0x00000000e5b00000| Untracked 
|  92|0x00000000e5c00000, 0x00000000e5c00000, 0x00000000e5d00000|  0%| F|  |TAMS 0x00000000e5c00000, 0x00000000e5c00000| Untracked 
|  93|0x00000000e5d00000, 0x00000000e5d17920, 0x00000000e5e00000|  9%| S|CS|TAMS 0x00000000e5d00000, 0x00000000e5d00000| Complete 
|  94|0x00000000e5e00000, 0x00000000e5f00000, 0x00000000e5f00000|100%| S|CS|TAMS 0x00000000e5e00000, 0x00000000e5e00000| Complete 
|  95|0x00000000e5f00000, 0x00000000e6000000, 0x00000000e6000000|100%| S|CS|TAMS 0x00000000e5f00000, 0x00000000e5f00000| Complete 
|  96|0x00000000e6000000, 0x00000000e6100000, 0x00000000e6100000|100%| S|CS|TAMS 0x00000000e6000000, 0x00000000e6000000| Complete 
|  97|0x00000000e6100000, 0x00000000e6200000, 0x00000000e6200000|100%| S|CS|TAMS 0x00000000e6100000, 0x00000000e6100000| Complete 
|  98|0x00000000e6200000, 0x00000000e6300000, 0x00000000e6300000|100%| S|CS|TAMS 0x00000000e6200000, 0x00000000e6200000| Complete 
|  99|0x00000000e6300000, 0x00000000e6400000, 0x00000000e6400000|100%| S|CS|TAMS 0x00000000e6300000, 0x00000000e6300000| Complete 
| 100|0x00000000e6400000, 0x00000000e6500000, 0x00000000e6500000|100%| S|CS|TAMS 0x00000000e6400000, 0x00000000e6400000| Complete 
| 101|0x00000000e6500000, 0x00000000e6600000, 0x00000000e6600000|100%| S|CS|TAMS 0x00000000e6500000, 0x00000000e6500000| Complete 
| 102|0x00000000e6600000, 0x00000000e6700000, 0x00000000e6700000|100%| S|CS|TAMS 0x00000000e6600000, 0x00000000e6600000| Complete 
| 103|0x00000000e6700000, 0x00000000e6700000, 0x00000000e6800000|  0%| F|  |TAMS 0x00000000e6700000, 0x00000000e6700000| Untracked 
| 104|0x00000000e6800000, 0x00000000e6800000, 0x00000000e6900000|  0%| F|  |TAMS 0x00000000e6800000, 0x00000000e6800000| Untracked 
| 105|0x00000000e6900000, 0x00000000e6900000, 0x00000000e6a00000|  0%| F|  |TAMS 0x00000000e6900000, 0x00000000e6900000| Untracked 
| 106|0x00000000e6a00000, 0x00000000e6a00000, 0x00000000e6b00000|  0%| F|  |TAMS 0x00000000e6a00000, 0x00000000e6a00000| Untracked 
| 107|0x00000000e6b00000, 0x00000000e6b00000, 0x00000000e6c00000|  0%| F|  |TAMS 0x00000000e6b00000, 0x00000000e6b00000| Untracked 
| 108|0x00000000e6c00000, 0x00000000e6c00000, 0x00000000e6d00000|  0%| F|  |TAMS 0x00000000e6c00000, 0x00000000e6c00000| Untracked 
| 109|0x00000000e6d00000, 0x00000000e6d00000, 0x00000000e6e00000|  0%| F|  |TAMS 0x00000000e6d00000, 0x00000000e6d00000| Untracked 
| 110|0x00000000e6e00000, 0x00000000e6e00000, 0x00000000e6f00000|  0%| F|  |TAMS 0x00000000e6e00000, 0x00000000e6e00000| Untracked 
| 111|0x00000000e6f00000, 0x00000000e6f00000, 0x00000000e7000000|  0%| F|  |TAMS 0x00000000e6f00000, 0x00000000e6f00000| Untracked 
| 112|0x00000000e7000000, 0x00000000e7000000, 0x00000000e7100000|  0%| F|  |TAMS 0x00000000e7000000, 0x00000000e7000000| Untracked 
| 113|0x00000000e7100000, 0x00000000e7100000, 0x00000000e7200000|  0%| F|  |TAMS 0x00000000e7100000, 0x00000000e7100000| Untracked 
| 114|0x00000000e7200000, 0x00000000e7200000, 0x00000000e7300000|  0%| F|  |TAMS 0x00000000e7200000, 0x00000000e7200000| Untracked 
| 115|0x00000000e7300000, 0x00000000e7300000, 0x00000000e7400000|  0%| F|  |TAMS 0x00000000e7300000, 0x00000000e7300000| Untracked 
| 116|0x00000000e7400000, 0x00000000e7400000, 0x00000000e7500000|  0%| F|  |TAMS 0x00000000e7400000, 0x00000000e7400000| Untracked 
| 117|0x00000000e7500000, 0x00000000e7500000, 0x00000000e7600000|  0%| F|  |TAMS 0x00000000e7500000, 0x00000000e7500000| Untracked 
| 118|0x00000000e7600000, 0x00000000e7600000, 0x00000000e7700000|  0%| F|  |TAMS 0x00000000e7600000, 0x00000000e7600000| Untracked 
| 119|0x00000000e7700000, 0x00000000e7700000, 0x00000000e7800000|  0%| F|  |TAMS 0x00000000e7700000, 0x00000000e7700000| Untracked 
| 120|0x00000000e7800000, 0x00000000e7800000, 0x00000000e7900000|  0%| F|  |TAMS 0x00000000e7800000, 0x00000000e7800000| Untracked 
| 121|0x00000000e7900000, 0x00000000e7900000, 0x00000000e7a00000|  0%| F|  |TAMS 0x00000000e7900000, 0x00000000e7900000| Untracked 
| 122|0x00000000e7a00000, 0x00000000e7a00000, 0x00000000e7b00000|  0%| F|  |TAMS 0x00000000e7a00000, 0x00000000e7a00000| Untracked 
| 123|0x00000000e7b00000, 0x00000000e7b00000, 0x00000000e7c00000|  0%| F|  |TAMS 0x00000000e7b00000, 0x00000000e7b00000| Untracked 
| 124|0x00000000e7c00000, 0x00000000e7c00000, 0x00000000e7d00000|  0%| F|  |TAMS 0x00000000e7c00000, 0x00000000e7c00000| Untracked 
| 125|0x00000000e7d00000, 0x00000000e7d00000, 0x00000000e7e00000|  0%| F|  |TAMS 0x00000000e7d00000, 0x00000000e7d00000| Untracked 
| 126|0x00000000e7e00000, 0x00000000e7e00000, 0x00000000e7f00000|  0%| F|  |TAMS 0x00000000e7e00000, 0x00000000e7e00000| Untracked 
| 127|0x00000000e7f00000, 0x00000000e7f00000, 0x00000000e8000000|  0%| F|  |TAMS 0x00000000e7f00000, 0x00000000e7f00000| Untracked 
| 128|0x00000000e8000000, 0x00000000e8000000, 0x00000000e8100000|  0%| F|  |TAMS 0x00000000e8000000, 0x00000000e8000000| Untracked 
| 129|0x00000000e8100000, 0x00000000e8100000, 0x00000000e8200000|  0%| F|  |TAMS 0x00000000e8100000, 0x00000000e8100000| Untracked 
| 130|0x00000000e8200000, 0x00000000e8200000, 0x00000000e8300000|  0%| F|  |TAMS 0x00000000e8200000, 0x00000000e8200000| Untracked 
| 131|0x00000000e8300000, 0x00000000e8300000, 0x00000000e8400000|  0%| F|  |TAMS 0x00000000e8300000, 0x00000000e8300000| Untracked 
| 132|0x00000000e8400000, 0x00000000e8400000, 0x00000000e8500000|  0%| F|  |TAMS 0x00000000e8400000, 0x00000000e8400000| Untracked 
| 133|0x00000000e8500000, 0x00000000e8500000, 0x00000000e8600000|  0%| F|  |TAMS 0x00000000e8500000, 0x00000000e8500000| Untracked 
| 134|0x00000000e8600000, 0x00000000e8600000, 0x00000000e8700000|  0%| F|  |TAMS 0x00000000e8600000, 0x00000000e8600000| Untracked 
| 135|0x00000000e8700000, 0x00000000e8700000, 0x00000000e8800000|  0%| F|  |TAMS 0x00000000e8700000, 0x00000000e8700000| Untracked 
| 136|0x00000000e8800000, 0x00000000e8800000, 0x00000000e8900000|  0%| F|  |TAMS 0x00000000e8800000, 0x00000000e8800000| Untracked 
| 137|0x00000000e8900000, 0x00000000e8900000, 0x00000000e8a00000|  0%| F|  |TAMS 0x00000000e8900000, 0x00000000e8900000| Untracked 
| 138|0x00000000e8a00000, 0x00000000e8a00000, 0x00000000e8b00000|  0%| F|  |TAMS 0x00000000e8a00000, 0x00000000e8a00000| Untracked 
| 139|0x00000000e8b00000, 0x00000000e8b00000, 0x00000000e8c00000|  0%| F|  |TAMS 0x00000000e8b00000, 0x00000000e8b00000| Untracked 
| 140|0x00000000e8c00000, 0x00000000e8c00000, 0x00000000e8d00000|  0%| F|  |TAMS 0x00000000e8c00000, 0x00000000e8c00000| Untracked 
| 141|0x00000000e8d00000, 0x00000000e8d00000, 0x00000000e8e00000|  0%| F|  |TAMS 0x00000000e8d00000, 0x00000000e8d00000| Untracked 
| 142|0x00000000e8e00000, 0x00000000e8e00000, 0x00000000e8f00000|  0%| F|  |TAMS 0x00000000e8e00000, 0x00000000e8e00000| Untracked 
| 143|0x00000000e8f00000, 0x00000000e8f00000, 0x00000000e9000000|  0%| F|  |TAMS 0x00000000e8f00000, 0x00000000e8f00000| Untracked 
| 144|0x00000000e9000000, 0x00000000e9000000, 0x00000000e9100000|  0%| F|  |TAMS 0x00000000e9000000, 0x00000000e9000000| Untracked 
| 145|0x00000000e9100000, 0x00000000e9100000, 0x00000000e9200000|  0%| F|  |TAMS 0x00000000e9100000, 0x00000000e9100000| Untracked 
| 146|0x00000000e9200000, 0x00000000e9200000, 0x00000000e9300000|  0%| F|  |TAMS 0x00000000e9200000, 0x00000000e9200000| Untracked 
| 147|0x00000000e9300000, 0x00000000e9300000, 0x00000000e9400000|  0%| F|  |TAMS 0x00000000e9300000, 0x00000000e9300000| Untracked 
| 148|0x00000000e9400000, 0x00000000e9400000, 0x00000000e9500000|  0%| F|  |TAMS 0x00000000e9400000, 0x00000000e9400000| Untracked 
| 149|0x00000000e9500000, 0x00000000e9500000, 0x00000000e9600000|  0%| F|  |TAMS 0x00000000e9500000, 0x00000000e9500000| Untracked 
| 150|0x00000000e9600000, 0x00000000e9600000, 0x00000000e9700000|  0%| F|  |TAMS 0x00000000e9600000, 0x00000000e9600000| Untracked 
| 151|0x00000000e9700000, 0x00000000e9700000, 0x00000000e9800000|  0%| F|  |TAMS 0x00000000e9700000, 0x00000000e9700000| Untracked 
| 152|0x00000000e9800000, 0x00000000e9800000, 0x00000000e9900000|  0%| F|  |TAMS 0x00000000e9800000, 0x00000000e9800000| Untracked 
| 153|0x00000000e9900000, 0x00000000e9900000, 0x00000000e9a00000|  0%| F|  |TAMS 0x00000000e9900000, 0x00000000e9900000| Untracked 
| 154|0x00000000e9a00000, 0x00000000e9a00000, 0x00000000e9b00000|  0%| F|  |TAMS 0x00000000e9a00000, 0x00000000e9a00000| Untracked 
| 155|0x00000000e9b00000, 0x00000000e9b00000, 0x00000000e9c00000|  0%| F|  |TAMS 0x00000000e9b00000, 0x00000000e9b00000| Untracked 
| 156|0x00000000e9c00000, 0x00000000e9c00000, 0x00000000e9d00000|  0%| F|  |TAMS 0x00000000e9c00000, 0x00000000e9c00000| Untracked 
| 157|0x00000000e9d00000, 0x00000000e9d00000, 0x00000000e9e00000|  0%| F|  |TAMS 0x00000000e9d00000, 0x00000000e9d00000| Untracked 
| 158|0x00000000e9e00000, 0x00000000e9e00000, 0x00000000e9f00000|  0%| F|  |TAMS 0x00000000e9e00000, 0x00000000e9e00000| Untracked 
| 159|0x00000000e9f00000, 0x00000000e9f00000, 0x00000000ea000000|  0%| F|  |TAMS 0x00000000e9f00000, 0x00000000e9f00000| Untracked 
| 160|0x00000000ea000000, 0x00000000ea000000, 0x00000000ea100000|  0%| F|  |TAMS 0x00000000ea000000, 0x00000000ea000000| Untracked 
| 161|0x00000000ea100000, 0x00000000ea100000, 0x00000000ea200000|  0%| F|  |TAMS 0x00000000ea100000, 0x00000000ea100000| Untracked 
| 162|0x00000000ea200000, 0x00000000ea200000, 0x00000000ea300000|  0%| F|  |TAMS 0x00000000ea200000, 0x00000000ea200000| Untracked 
| 163|0x00000000ea300000, 0x00000000ea300000, 0x00000000ea400000|  0%| F|  |TAMS 0x00000000ea300000, 0x00000000ea300000| Untracked 
| 164|0x00000000ea400000, 0x00000000ea400000, 0x00000000ea500000|  0%| F|  |TAMS 0x00000000ea400000, 0x00000000ea400000| Untracked 
| 165|0x00000000ea500000, 0x00000000ea500000, 0x00000000ea600000|  0%| F|  |TAMS 0x00000000ea500000, 0x00000000ea500000| Untracked 
| 166|0x00000000ea600000, 0x00000000ea600000, 0x00000000ea700000|  0%| F|  |TAMS 0x00000000ea600000, 0x00000000ea600000| Untracked 
| 167|0x00000000ea700000, 0x00000000ea700000, 0x00000000ea800000|  0%| F|  |TAMS 0x00000000ea700000, 0x00000000ea700000| Untracked 
| 168|0x00000000ea800000, 0x00000000ea800000, 0x00000000ea900000|  0%| F|  |TAMS 0x00000000ea800000, 0x00000000ea800000| Untracked 
| 169|0x00000000ea900000, 0x00000000ea900000, 0x00000000eaa00000|  0%| F|  |TAMS 0x00000000ea900000, 0x00000000ea900000| Untracked 
| 170|0x00000000eaa00000, 0x00000000eaa00000, 0x00000000eab00000|  0%| F|  |TAMS 0x00000000eaa00000, 0x00000000eaa00000| Untracked 
| 171|0x00000000eab00000, 0x00000000eab00000, 0x00000000eac00000|  0%| F|  |TAMS 0x00000000eab00000, 0x00000000eab00000| Untracked 
| 172|0x00000000eac00000, 0x00000000eac00000, 0x00000000ead00000|  0%| F|  |TAMS 0x00000000eac00000, 0x00000000eac00000| Untracked 
| 173|0x00000000ead00000, 0x00000000ead00000, 0x00000000eae00000|  0%| F|  |TAMS 0x00000000ead00000, 0x00000000ead00000| Untracked 
| 174|0x00000000eae00000, 0x00000000eae00000, 0x00000000eaf00000|  0%| F|  |TAMS 0x00000000eae00000, 0x00000000eae00000| Untracked 
| 175|0x00000000eaf00000, 0x00000000eaf00000, 0x00000000eb000000|  0%| F|  |TAMS 0x00000000eaf00000, 0x00000000eaf00000| Untracked 
| 176|0x00000000eb000000, 0x00000000eb000000, 0x00000000eb100000|  0%| F|  |TAMS 0x00000000eb000000, 0x00000000eb000000| Untracked 
| 177|0x00000000eb100000, 0x00000000eb100000, 0x00000000eb200000|  0%| F|  |TAMS 0x00000000eb100000, 0x00000000eb100000| Untracked 
| 178|0x00000000eb200000, 0x00000000eb200000, 0x00000000eb300000|  0%| F|  |TAMS 0x00000000eb200000, 0x00000000eb200000| Untracked 
| 179|0x00000000eb300000, 0x00000000eb300000, 0x00000000eb400000|  0%| F|  |TAMS 0x00000000eb300000, 0x00000000eb300000| Untracked 
| 180|0x00000000eb400000, 0x00000000eb400000, 0x00000000eb500000|  0%| F|  |TAMS 0x00000000eb400000, 0x00000000eb400000| Untracked 
| 181|0x00000000eb500000, 0x00000000eb500000, 0x00000000eb600000|  0%| F|  |TAMS 0x00000000eb500000, 0x00000000eb500000| Untracked 
| 182|0x00000000eb600000, 0x00000000eb600000, 0x00000000eb700000|  0%| F|  |TAMS 0x00000000eb600000, 0x00000000eb600000| Untracked 
| 183|0x00000000eb700000, 0x00000000eb700000, 0x00000000eb800000|  0%| F|  |TAMS 0x00000000eb700000, 0x00000000eb700000| Untracked 
| 184|0x00000000eb800000, 0x00000000eb800000, 0x00000000eb900000|  0%| F|  |TAMS 0x00000000eb800000, 0x00000000eb800000| Untracked 
| 185|0x00000000eb900000, 0x00000000eb900000, 0x00000000eba00000|  0%| F|  |TAMS 0x00000000eb900000, 0x00000000eb900000| Untracked 
| 186|0x00000000eba00000, 0x00000000eba00000, 0x00000000ebb00000|  0%| F|  |TAMS 0x00000000eba00000, 0x00000000eba00000| Untracked 
| 187|0x00000000ebb00000, 0x00000000ebb00000, 0x00000000ebc00000|  0%| F|  |TAMS 0x00000000ebb00000, 0x00000000ebb00000| Untracked 
| 188|0x00000000ebc00000, 0x00000000ebc00000, 0x00000000ebd00000|  0%| F|  |TAMS 0x00000000ebc00000, 0x00000000ebc00000| Untracked 
| 189|0x00000000ebd00000, 0x00000000ebd00000, 0x00000000ebe00000|  0%| F|  |TAMS 0x00000000ebd00000, 0x00000000ebd00000| Untracked 
| 190|0x00000000ebe00000, 0x00000000ebe00000, 0x00000000ebf00000|  0%| F|  |TAMS 0x00000000ebe00000, 0x00000000ebe00000| Untracked 
| 191|0x00000000ebf00000, 0x00000000ebf00000, 0x00000000ec000000|  0%| F|  |TAMS 0x00000000ebf00000, 0x00000000ebf00000| Untracked 
| 192|0x00000000ec000000, 0x00000000ec000000, 0x00000000ec100000|  0%| F|  |TAMS 0x00000000ec000000, 0x00000000ec000000| Untracked 
| 193|0x00000000ec100000, 0x00000000ec100000, 0x00000000ec200000|  0%| F|  |TAMS 0x00000000ec100000, 0x00000000ec100000| Untracked 
| 194|0x00000000ec200000, 0x00000000ec200000, 0x00000000ec300000|  0%| F|  |TAMS 0x00000000ec200000, 0x00000000ec200000| Untracked 
| 195|0x00000000ec300000, 0x00000000ec300000, 0x00000000ec400000|  0%| F|  |TAMS 0x00000000ec300000, 0x00000000ec300000| Untracked 
| 196|0x00000000ec400000, 0x00000000ec400000, 0x00000000ec500000|  0%| F|  |TAMS 0x00000000ec400000, 0x00000000ec400000| Untracked 
| 197|0x00000000ec500000, 0x00000000ec500000, 0x00000000ec600000|  0%| F|  |TAMS 0x00000000ec500000, 0x00000000ec500000| Untracked 
| 198|0x00000000ec600000, 0x00000000ec600000, 0x00000000ec700000|  0%| F|  |TAMS 0x00000000ec600000, 0x00000000ec600000| Untracked 
| 199|0x00000000ec700000, 0x00000000ec700000, 0x00000000ec800000|  0%| F|  |TAMS 0x00000000ec700000, 0x00000000ec700000| Untracked 
| 200|0x00000000ec800000, 0x00000000ec800000, 0x00000000ec900000|  0%| F|  |TAMS 0x00000000ec800000, 0x00000000ec800000| Untracked 
| 201|0x00000000ec900000, 0x00000000ec900000, 0x00000000eca00000|  0%| F|  |TAMS 0x00000000ec900000, 0x00000000ec900000| Untracked 
| 202|0x00000000eca00000, 0x00000000eca00000, 0x00000000ecb00000|  0%| F|  |TAMS 0x00000000eca00000, 0x00000000eca00000| Untracked 
| 203|0x00000000ecb00000, 0x00000000ecb00000, 0x00000000ecc00000|  0%| F|  |TAMS 0x00000000ecb00000, 0x00000000ecb00000| Untracked 
| 204|0x00000000ecc00000, 0x00000000ecc00000, 0x00000000ecd00000|  0%| F|  |TAMS 0x00000000ecc00000, 0x00000000ecc00000| Untracked 
| 205|0x00000000ecd00000, 0x00000000ecd00000, 0x00000000ece00000|  0%| F|  |TAMS 0x00000000ecd00000, 0x00000000ecd00000| Untracked 
| 206|0x00000000ece00000, 0x00000000ece00000, 0x00000000ecf00000|  0%| F|  |TAMS 0x00000000ece00000, 0x00000000ece00000| Untracked 
| 207|0x00000000ecf00000, 0x00000000ecf00000, 0x00000000ed000000|  0%| F|  |TAMS 0x00000000ecf00000, 0x00000000ecf00000| Untracked 
| 208|0x00000000ed000000, 0x00000000ed000000, 0x00000000ed100000|  0%| F|  |TAMS 0x00000000ed000000, 0x00000000ed000000| Untracked 
| 209|0x00000000ed100000, 0x00000000ed100000, 0x00000000ed200000|  0%| F|  |TAMS 0x00000000ed100000, 0x00000000ed100000| Untracked 
| 210|0x00000000ed200000, 0x00000000ed200000, 0x00000000ed300000|  0%| F|  |TAMS 0x00000000ed200000, 0x00000000ed200000| Untracked 
| 211|0x00000000ed300000, 0x00000000ed300000, 0x00000000ed400000|  0%| F|  |TAMS 0x00000000ed300000, 0x00000000ed300000| Untracked 
| 212|0x00000000ed400000, 0x00000000ed400000, 0x00000000ed500000|  0%| F|  |TAMS 0x00000000ed400000, 0x00000000ed400000| Untracked 
| 213|0x00000000ed500000, 0x00000000ed500000, 0x00000000ed600000|  0%| F|  |TAMS 0x00000000ed500000, 0x00000000ed500000| Untracked 
| 214|0x00000000ed600000, 0x00000000ed600000, 0x00000000ed700000|  0%| F|  |TAMS 0x00000000ed600000, 0x00000000ed600000| Untracked 
| 215|0x00000000ed700000, 0x00000000ed700000, 0x00000000ed800000|  0%| F|  |TAMS 0x00000000ed700000, 0x00000000ed700000| Untracked 
| 216|0x00000000ed800000, 0x00000000ed800000, 0x00000000ed900000|  0%| F|  |TAMS 0x00000000ed800000, 0x00000000ed800000| Untracked 
| 217|0x00000000ed900000, 0x00000000ed900000, 0x00000000eda00000|  0%| F|  |TAMS 0x00000000ed900000, 0x00000000ed900000| Untracked 
| 218|0x00000000eda00000, 0x00000000eda00000, 0x00000000edb00000|  0%| F|  |TAMS 0x00000000eda00000, 0x00000000eda00000| Untracked 
| 219|0x00000000edb00000, 0x00000000edb00000, 0x00000000edc00000|  0%| F|  |TAMS 0x00000000edb00000, 0x00000000edb00000| Untracked 
| 220|0x00000000edc00000, 0x00000000edc00000, 0x00000000edd00000|  0%| F|  |TAMS 0x00000000edc00000, 0x00000000edc00000| Untracked 
| 221|0x00000000edd00000, 0x00000000edd00000, 0x00000000ede00000|  0%| F|  |TAMS 0x00000000edd00000, 0x00000000edd00000| Untracked 
| 222|0x00000000ede00000, 0x00000000ede00000, 0x00000000edf00000|  0%| F|  |TAMS 0x00000000ede00000, 0x00000000ede00000| Untracked 
| 223|0x00000000edf00000, 0x00000000edf00000, 0x00000000ee000000|  0%| F|  |TAMS 0x00000000edf00000, 0x00000000edf00000| Untracked 
| 224|0x00000000ee000000, 0x00000000ee000000, 0x00000000ee100000|  0%| F|  |TAMS 0x00000000ee000000, 0x00000000ee000000| Untracked 
| 225|0x00000000ee100000, 0x00000000ee100000, 0x00000000ee200000|  0%| F|  |TAMS 0x00000000ee100000, 0x00000000ee100000| Untracked 
| 226|0x00000000ee200000, 0x00000000ee200000, 0x00000000ee300000|  0%| F|  |TAMS 0x00000000ee200000, 0x00000000ee200000| Untracked 
| 227|0x00000000ee300000, 0x00000000ee300000, 0x00000000ee400000|  0%| F|  |TAMS 0x00000000ee300000, 0x00000000ee300000| Untracked 
| 228|0x00000000ee400000, 0x00000000ee400000, 0x00000000ee500000|  0%| F|  |TAMS 0x00000000ee400000, 0x00000000ee400000| Untracked 
| 229|0x00000000ee500000, 0x00000000ee500000, 0x00000000ee600000|  0%| F|  |TAMS 0x00000000ee500000, 0x00000000ee500000| Untracked 
| 230|0x00000000ee600000, 0x00000000ee600000, 0x00000000ee700000|  0%| F|  |TAMS 0x00000000ee600000, 0x00000000ee600000| Untracked 
| 231|0x00000000ee700000, 0x00000000ee700000, 0x00000000ee800000|  0%| F|  |TAMS 0x00000000ee700000, 0x00000000ee700000| Untracked 
| 232|0x00000000ee800000, 0x00000000ee800000, 0x00000000ee900000|  0%| F|  |TAMS 0x00000000ee800000, 0x00000000ee800000| Untracked 
| 233|0x00000000ee900000, 0x00000000ee900000, 0x00000000eea00000|  0%| F|  |TAMS 0x00000000ee900000, 0x00000000ee900000| Untracked 
| 234|0x00000000eea00000, 0x00000000eea00000, 0x00000000eeb00000|  0%| F|  |TAMS 0x00000000eea00000, 0x00000000eea00000| Untracked 
| 235|0x00000000eeb00000, 0x00000000eeb00000, 0x00000000eec00000|  0%| F|  |TAMS 0x00000000eeb00000, 0x00000000eeb00000| Untracked 
| 236|0x00000000eec00000, 0x00000000eec00000, 0x00000000eed00000|  0%| F|  |TAMS 0x00000000eec00000, 0x00000000eec00000| Untracked 
| 237|0x00000000eed00000, 0x00000000eed00000, 0x00000000eee00000|  0%| F|  |TAMS 0x00000000eed00000, 0x00000000eed00000| Untracked 
| 238|0x00000000eee00000, 0x00000000eee00000, 0x00000000eef00000|  0%| F|  |TAMS 0x00000000eee00000, 0x00000000eee00000| Untracked 
| 239|0x00000000eef00000, 0x00000000eef00800, 0x00000000ef000000|  0%| E|  |TAMS 0x00000000eef00000, 0x00000000eef00000| Complete 
| 240|0x00000000ef000000, 0x00000000ef100000, 0x00000000ef100000|100%| E|CS|TAMS 0x00000000ef000000, 0x00000000ef000000| Complete 
| 241|0x00000000ef100000, 0x00000000ef200000, 0x00000000ef200000|100%| E|CS|TAMS 0x00000000ef100000, 0x00000000ef100000| Complete 
| 242|0x00000000ef200000, 0x00000000ef300000, 0x00000000ef300000|100%| E|CS|TAMS 0x00000000ef200000, 0x00000000ef200000| Complete 
| 243|0x00000000ef300000, 0x00000000ef400000, 0x00000000ef400000|100%| E|CS|TAMS 0x00000000ef300000, 0x00000000ef300000| Complete 
| 244|0x00000000ef400000, 0x00000000ef500000, 0x00000000ef500000|100%| E|CS|TAMS 0x00000000ef400000, 0x00000000ef400000| Complete 
| 245|0x00000000ef500000, 0x00000000ef600000, 0x00000000ef600000|100%| E|CS|TAMS 0x00000000ef500000, 0x00000000ef500000| Complete 
| 246|0x00000000ef600000, 0x00000000ef700000, 0x00000000ef700000|100%| E|CS|TAMS 0x00000000ef600000, 0x00000000ef600000| Complete 
| 247|0x00000000ef700000, 0x00000000ef800000, 0x00000000ef800000|100%| E|CS|TAMS 0x00000000ef700000, 0x00000000ef700000| Complete 
| 248|0x00000000ef800000, 0x00000000ef900000, 0x00000000ef900000|100%| E|CS|TAMS 0x00000000ef800000, 0x00000000ef800000| Complete 
| 249|0x00000000ef900000, 0x00000000efa00000, 0x00000000efa00000|100%| E|CS|TAMS 0x00000000ef900000, 0x00000000ef900000| Complete 
| 250|0x00000000efa00000, 0x00000000efb00000, 0x00000000efb00000|100%| E|CS|TAMS 0x00000000efa00000, 0x00000000efa00000| Complete 
| 251|0x00000000efb00000, 0x00000000efc00000, 0x00000000efc00000|100%| E|CS|TAMS 0x00000000efb00000, 0x00000000efb00000| Complete 
| 252|0x00000000efc00000, 0x00000000efd00000, 0x00000000efd00000|100%| E|CS|TAMS 0x00000000efc00000, 0x00000000efc00000| Complete 
| 253|0x00000000efd00000, 0x00000000efe00000, 0x00000000efe00000|100%| E|CS|TAMS 0x00000000efd00000, 0x00000000efd00000| Complete 
| 254|0x00000000efe00000, 0x00000000eff00000, 0x00000000eff00000|100%| E|CS|TAMS 0x00000000efe00000, 0x00000000efe00000| Complete 
| 255|0x00000000eff00000, 0x00000000f0000000, 0x00000000f0000000|100%| E|CS|TAMS 0x00000000eff00000, 0x00000000eff00000| Complete 

Card table byte_map: [0x0000020e47ee0000,0x0000020e47fe0000] _byte_map_base: 0x0000020e477e0000

Marking Bits (Prev, Next): (CMBitMap*) 0x0000020e31232600, (CMBitMap*) 0x0000020e31232640
 Prev Bits: [0x0000020e480e0000, 0x0000020e488e0000)
 Next Bits: [0x0000020e488e0000, 0x0000020e490e0000)

Polling page: 0x0000020e2f140000

Metaspace:

Usage:
  Non-class:     41.39 MB used.
      Class:      6.91 MB used.
       Both:     48.31 MB used.

Virtual space:
  Non-class space:       64.00 MB reserved,      41.62 MB ( 65%) committed,  1 nodes.
      Class space:      320.00 MB reserved,       7.19 MB (  2%) committed,  1 nodes.
             Both:      384.00 MB reserved,      48.81 MB ( 13%) committed. 

Chunk freelists:
   Non-Class:  5.76 MB
       Class:  8.72 MB
        Both:  14.48 MB

MaxMetaspaceSize: 384.00 MB
CompressedClassSpaceSize: 320.00 MB
Initial GC threshold: 21.00 MB
Current GC threshold: 59.31 MB
CDS: on
MetaspaceReclaimPolicy: balanced
 - commit_granule_bytes: 65536.
 - commit_granule_words: 8192.
 - virtual_space_node_default_size: 8388608.
 - enlarge_chunks_in_place: 1.
 - new_chunks_are_fully_committed: 0.
 - uncommit_free_chunks: 1.
 - use_allocation_guard: 0.
 - handle_deallocations: 1.


Internal statistics:

num_allocs_failed_limit: 9.
num_arena_births: 578.
num_arena_deaths: 0.
num_vsnodes_births: 2.
num_vsnodes_deaths: 0.
num_space_committed: 781.
num_space_uncommitted: 0.
num_chunks_returned_to_freelist: 9.
num_chunks_taken_from_freelist: 2615.
num_chunk_merges: 9.
num_chunk_splits: 1690.
num_chunks_enlarged: 1106.
num_purges: 0.
num_inconsistent_stats: 0.

CodeHeap 'non-profiled nmethods': size=120000Kb used=3336Kb max_used=3336Kb free=116664Kb
 bounds [0x0000020e40570000, 0x0000020e408c0000, 0x0000020e47aa0000]
CodeHeap 'profiled nmethods': size=120000Kb used=11038Kb max_used=11038Kb free=108961Kb
 bounds [0x0000020e38aa0000, 0x0000020e39570000, 0x0000020e3ffd0000]
CodeHeap 'non-nmethods': size=5760Kb used=2319Kb max_used=2419Kb free=3440Kb
 bounds [0x0000020e3ffd0000, 0x0000020e40250000, 0x0000020e40570000]
 total_blobs=6426 nmethods=5591 adapters=747
 compilation: enabled
              stopped_count=0, restarted_count=0
 full_count=0

Compilation events (20 events):
Event: 171.100 Thread 0x0000020e4bb587e0 6365       3       java.beans.PropertyDescriptor::<init> (112 bytes)
Event: 171.102 Thread 0x0000020e4bb587e0 nmethod 6365 0x0000020e3955ff90 code [0x0000020e395601c0, 0x0000020e39560908]
Event: 171.102 Thread 0x0000020e4bb587e0 6366   !   3       java.beans.PropertyDescriptor::updateGenericsFor (37 bytes)
Event: 171.104 Thread 0x0000020e4bb587e0 nmethod 6366 0x0000020e39560b90 code [0x0000020e39560e60, 0x0000020e39561f18]
Event: 171.422 Thread 0x0000020e4bb587e0 6368       3       java.util.LinkedList$ListItr::set (28 bytes)
Event: 171.423 Thread 0x0000020e4bb587e0 nmethod 6368 0x0000020e39562490 code [0x0000020e39562660, 0x0000020e39562a58]
Event: 171.423 Thread 0x0000020e4bb587e0 6369       3       org.codehaus.groovy.util.ManagedReference::get (10 bytes)
Event: 171.424 Thread 0x0000020e4bb587e0 nmethod 6369 0x0000020e39562c10 code [0x0000020e39562dc0, 0x0000020e39562f88]
Event: 171.446 Thread 0x0000020e4bb587e0 6371       3       java.lang.reflect.ProxyGenerator::addProxyMethod (33 bytes)
Event: 171.447 Thread 0x0000020e4bb587e0 nmethod 6371 0x0000020e39563090 code [0x0000020e39563280, 0x0000020e395637d8]
Event: 171.447 Thread 0x0000020e4bb587e0 6372       3       java.lang.reflect.ProxyGenerator$$Lambda$29/0x0000020e4d04ec90::apply (8 bytes)
Event: 171.447 Thread 0x0000020e4bb587e0 nmethod 6372 0x0000020e39563990 code [0x0000020e39563b40, 0x0000020e39563e48]
Event: 171.447 Thread 0x0000020e4bb587e0 6373       1       org.gradle.internal.reflect.MutableClassDetails::getInstanceFields (5 bytes)
Event: 171.448 Thread 0x0000020e4bb587e0 nmethod 6373 0x0000020e408b1d10 code [0x0000020e408b1ea0, 0x0000020e408b1f78]
Event: 171.485 Thread 0x0000020e4bb587e0 6374       3       org.gradle.api.internal.file.AbstractFileCollection::<init> (15 bytes)
Event: 171.486 Thread 0x0000020e4bb587e0 nmethod 6374 0x0000020e39563f90 code [0x0000020e39564140, 0x0000020e39564358]
Event: 171.487 Thread 0x0000020e4bb587e0 6375       3       org.gradle.tooling.internal.provider.runner.ClientBuildEventGenerator::started (168 bytes)
Event: 171.488 Thread 0x0000020e4bb587e0 nmethod 6375 0x0000020e39564410 code [0x0000020e39564720, 0x0000020e39565818]
Event: 171.887 Thread 0x0000020e4bb587e0 6376       3       jdk.internal.reflect.AccessorGenerator::getClassName (197 bytes)
Event: 171.891 Thread 0x0000020e4bb587e0 nmethod 6376 0x0000020e39565d10 code [0x0000020e39566120, 0x0000020e39567628]

GC Heap History (14 events):
Event: 11.612 GC heap before
{Heap before GC invocations=0 (full 0):
 garbage-first heap   total 262144K, used 26624K [0x00000000e0000000, 0x0000000100000000)
  region size 1024K, 23 young (23552K), 0 survivors (0K)
 Metaspace       used 3066K, committed 3200K, reserved 393216K
  class space    used 392K, committed 448K, reserved 327680K
}
Event: 11.629 GC heap after
{Heap after GC invocations=1 (full 0):
 garbage-first heap   total 262144K, used 10469K [0x00000000e0000000, 0x0000000100000000)
  region size 1024K, 3 young (3072K), 3 survivors (3072K)
 Metaspace       used 3066K, committed 3200K, reserved 393216K
  class space    used 392K, committed 448K, reserved 327680K
}
Event: 14.729 GC heap before
{Heap before GC invocations=1 (full 0):
 garbage-first heap   total 262144K, used 36069K [0x00000000e0000000, 0x0000000100000000)
  region size 1024K, 28 young (28672K), 3 survivors (3072K)
 Metaspace       used 3979K, committed 4160K, reserved 393216K
  class space    used 489K, committed 576K, reserved 327680K
}
Event: 14.736 GC heap after
{Heap after GC invocations=2 (full 0):
 garbage-first heap   total 262144K, used 11663K [0x00000000e0000000, 0x0000000100000000)
  region size 1024K, 1 young (1024K), 1 survivors (1024K)
 Metaspace       used 3979K, committed 4160K, reserved 393216K
  class space    used 489K, committed 576K, reserved 327680K
}
Event: 43.852 GC heap before
{Heap before GC invocations=2 (full 0):
 garbage-first heap   total 262144K, used 131471K [0x00000000e0000000, 0x0000000100000000)
  region size 1024K, 118 young (120832K), 1 survivors (1024K)
 Metaspace       used 21189K, committed 21504K, reserved 393216K
  class space    used 3105K, committed 3264K, reserved 327680K
}
Event: 44.600 GC heap after
{Heap after GC invocations=3 (full 0):
 garbage-first heap   total 262144K, used 22971K [0x00000000e0000000, 0x0000000100000000)
  region size 1024K, 12 young (12288K), 12 survivors (12288K)
 Metaspace       used 21189K, committed 21504K, reserved 393216K
  class space    used 3105K, committed 3264K, reserved 327680K
}
Event: 80.192 GC heap before
{Heap before GC invocations=4 (full 0):
 garbage-first heap   total 262144K, used 141755K [0x00000000e0000000, 0x0000000100000000)
  region size 1024K, 125 young (128000K), 12 survivors (12288K)
 Metaspace       used 35534K, committed 35968K, reserved 393216K
  class space    used 4945K, committed 5184K, reserved 327680K
}
Event: 80.226 GC heap after
{Heap after GC invocations=5 (full 0):
 garbage-first heap   total 262144K, used 31982K [0x00000000e0000000, 0x0000000100000000)
  region size 1024K, 10 young (10240K), 10 survivors (10240K)
 Metaspace       used 35534K, committed 35968K, reserved 393216K
  class space    used 4945K, committed 5184K, reserved 327680K
}
Event: 80.505 GC heap before
{Heap before GC invocations=5 (full 0):
 garbage-first heap   total 262144K, used 33006K [0x00000000e0000000, 0x0000000100000000)
  region size 1024K, 12 young (12288K), 10 survivors (10240K)
 Metaspace       used 35793K, committed 36160K, reserved 393216K
  class space    used 4981K, committed 5184K, reserved 327680K
}
Event: 80.523 GC heap after
{Heap after GC invocations=6 (full 0):
 garbage-first heap   total 262144K, used 31820K [0x00000000e0000000, 0x0000000100000000)
  region size 1024K, 2 young (2048K), 2 survivors (2048K)
 Metaspace       used 35793K, committed 36160K, reserved 393216K
  class space    used 4981K, committed 5184K, reserved 327680K
}
Event: 80.777 GC heap before
{Heap before GC invocations=6 (full 0):
 garbage-first heap   total 262144K, used 31820K [0x00000000e0000000, 0x0000000100000000)
  region size 1024K, 3 young (3072K), 2 survivors (2048K)
 Metaspace       used 35895K, committed 36288K, reserved 393216K
  class space    used 5002K, committed 5184K, reserved 327680K
}
Event: 80.781 GC heap after
{Heap after GC invocations=7 (full 0):
 garbage-first heap   total 262144K, used 30759K [0x00000000e0000000, 0x0000000100000000)
  region size 1024K, 1 young (1024K), 1 survivors (1024K)
 Metaspace       used 35895K, committed 36288K, reserved 393216K
  class space    used 5002K, committed 5184K, reserved 327680K
}
Event: 163.645 GC heap before
{Heap before GC invocations=8 (full 0):
 garbage-first heap   total 262144K, used 187431K [0x00000000e0000000, 0x0000000100000000)
  region size 1024K, 153 young (156672K), 1 survivors (1024K)
 Metaspace       used 48928K, committed 49472K, reserved 393216K
  class space    used 6985K, committed 7232K, reserved 327680K
}
Event: 163.784 GC heap after
{Heap after GC invocations=9 (full 0):
 garbage-first heap   total 262144K, used 39740K [0x00000000e0000000, 0x0000000100000000)
  region size 1024K, 10 young (10240K), 10 survivors (10240K)
 Metaspace       used 48928K, committed 49472K, reserved 393216K
  class space    used 6985K, committed 7232K, reserved 327680K
}

Deoptimization events (20 events):
Event: 164.626 Thread 0x0000020e66949a40 DEOPT PACKING pc=0x0000020e405d4848 sp=0x0000009e788f99b0
Event: 164.626 Thread 0x0000020e66949a40 DEOPT UNPACKING pc=0x0000020e400223a3 sp=0x0000009e788f9878 mode 2
Event: 167.591 Thread 0x0000020e66949a40 Uncommon trap: trap_request=0xffffff45 fr.pc=0x0000020e4069ef74 relative=0x00000000000046b4
Event: 167.591 Thread 0x0000020e66949a40 Uncommon trap: reason=unstable_if action=reinterpret pc=0x0000020e4069ef74 method=org.codehaus.groovy.runtime.metaclass.MetaMethodIndex.isOverridden(Lgroovy/lang/MetaMethod;Lgroovy/lang/MetaMethod;)Z @ 52 c2
Event: 167.591 Thread 0x0000020e66949a40 DEOPT PACKING pc=0x0000020e4069ef74 sp=0x0000009e788f8940
Event: 167.591 Thread 0x0000020e66949a40 DEOPT UNPACKING pc=0x0000020e400223a3 sp=0x0000009e788f88f8 mode 2
Event: 167.599 Thread 0x0000020e66949a40 DEOPT PACKING pc=0x0000020e394b02ee sp=0x0000009e788f8b30
Event: 167.599 Thread 0x0000020e66949a40 DEOPT UNPACKING pc=0x0000020e40022b43 sp=0x0000009e788f7fe0 mode 0
Event: 167.634 Thread 0x0000020e66949a40 Uncommon trap: trap_request=0xffffff45 fr.pc=0x0000020e406145ec relative=0x00000000000004ac
Event: 167.836 Thread 0x0000020e66949a40 Uncommon trap: reason=unstable_if action=reinterpret pc=0x0000020e406145ec method=java.util.StringJoiner.add(Ljava/lang/CharSequence;)Ljava/util/StringJoiner; @ 33 c2
Event: 167.844 Thread 0x0000020e66949a40 DEOPT PACKING pc=0x0000020e406145ec sp=0x0000009e788f8310
Event: 167.844 Thread 0x0000020e66949a40 DEOPT UNPACKING pc=0x0000020e400223a3 sp=0x0000009e788f82c0 mode 2
Event: 171.761 Thread 0x0000020e66ad2a20 Uncommon trap: trap_request=0xffffff45 fr.pc=0x0000020e407bbe30 relative=0x0000000000000670
Event: 171.761 Thread 0x0000020e66ad2a20 Uncommon trap: reason=unstable_if action=reinterpret pc=0x0000020e407bbe30 method=java.util.HashMap$HashIterator.<init>(Ljava/util/HashMap;)V @ 45 c2
Event: 171.836 Thread 0x0000020e66ad2a20 DEOPT PACKING pc=0x0000020e407bbe30 sp=0x0000009e7adff270
Event: 171.836 Thread 0x0000020e66ad2a20 DEOPT UNPACKING pc=0x0000020e400223a3 sp=0x0000009e7adff100 mode 2
Event: 171.837 Thread 0x0000020e66ad63e0 Uncommon trap: trap_request=0xffffff45 fr.pc=0x0000020e406eeea8 relative=0x0000000000000388
Event: 171.837 Thread 0x0000020e66ad63e0 Uncommon trap: reason=unstable_if action=reinterpret pc=0x0000020e406eeea8 method=java.util.HashMap$HashIterator.<init>(Ljava/util/HashMap;)V @ 45 c2
Event: 171.837 Thread 0x0000020e66ad63e0 DEOPT PACKING pc=0x0000020e406eeea8 sp=0x0000009e7aefeb50
Event: 171.837 Thread 0x0000020e66ad63e0 DEOPT UNPACKING pc=0x0000020e400223a3 sp=0x0000009e7aefeb08 mode 2

Classes unloaded (0 events):
No events

Classes redefined (0 events):
No events

Internal exceptions (20 events):
Event: 169.108 Thread 0x0000020e66949a40 Exception <a 'java/lang/ClassNotFoundException'{0x00000000ef7903d0}: org/gradle/api/tasks/compile/JavaCompileCustomizer> (0x00000000ef7903d0) 
thrown [s\open\src\hotspot\share\classfile\systemDictionary.cpp, line 256]
Event: 169.165 Thread 0x0000020e66949a40 Exception <a 'java/lang/ClassNotFoundException'{0x00000000ef7b60d8}: org/gradle/api/tasks/compile/JavaCompile_DecoratedCustomizer> (0x00000000ef7b60d8) 
thrown [s\open\src\hotspot\share\classfile\systemDictionary.cpp, line 256]
Event: 169.694 Thread 0x0000020e66949a40 Exception <a 'java/lang/ClassNotFoundException'{0x00000000ef65b310}: org/gradle/api/internal/plugins/NaggingBasePluginConventionBeanInfo> (0x00000000ef65b310) 
thrown [s\open\src\hotspot\share\classfile\systemDictionary.cpp, line 256]
Event: 169.698 Thread 0x0000020e66949a40 Exception <a 'java/lang/ClassNotFoundException'{0x00000000ef667d00}: org/gradle/api/plugins/BasePluginConventionBeanInfo> (0x00000000ef667d00) 
thrown [s\open\src\hotspot\share\classfile\systemDictionary.cpp, line 256]
Event: 169.700 Thread 0x0000020e66949a40 Exception <a 'java/lang/ClassNotFoundException'{0x00000000ef6746b8}: org/gradle/api/plugins/BasePluginConventionCustomizer> (0x00000000ef6746b8) 
thrown [s\open\src\hotspot\share\classfile\systemDictionary.cpp, line 256]
Event: 169.709 Thread 0x0000020e66949a40 Exception <a 'java/lang/ClassNotFoundException'{0x00000000ef6ad118}: org/gradle/api/internal/plugins/NaggingBasePluginConventionCustomizer> (0x00000000ef6ad118) 
thrown [s\open\src\hotspot\share\classfile\systemDictionary.cpp, line 256]
Event: 169.868 Thread 0x0000020e66949a40 Exception <a 'java/lang/ClassNotFoundException'{0x00000000ef6eb050}: org/gradle/api/plugins/internal/NaggingJavaPluginConventionBeanInfo> (0x00000000ef6eb050) 
thrown [s\open\src\hotspot\share\classfile\systemDictionary.cpp, line 256]
Event: 169.911 Thread 0x0000020e66949a40 Exception <a 'java/lang/ClassNotFoundException'{0x00000000ef6f7a40}: org/gradle/api/plugins/JavaPluginConventionBeanInfo> (0x00000000ef6f7a40) 
thrown [s\open\src\hotspot\share\classfile\systemDictionary.cpp, line 256]
Event: 169.946 Thread 0x0000020e66949a40 Exception <a 'java/lang/ClassNotFoundException'{0x00000000ef5048f0}: org/gradle/api/plugins/JavaPluginConventionCustomizer> (0x00000000ef5048f0) 
thrown [s\open\src\hotspot\share\classfile\systemDictionary.cpp, line 256]
Event: 169.973 Thread 0x0000020e66949a40 Exception <a 'java/lang/ClassNotFoundException'{0x00000000ef525540}: org/gradle/api/plugins/internal/NaggingJavaPluginConventionCustomizer> (0x00000000ef525540) 
thrown [s\open\src\hotspot\share\classfile\systemDictionary.cpp, line 256]
Event: 170.856 Thread 0x0000020e66949a40 Exception <a 'java/lang/ClassNotFoundException'{0x00000000ef472268}: org/gradle/language/jvm/tasks/ProcessResources_DecoratedBeanInfo> (0x00000000ef472268) 
thrown [s\open\src\hotspot\share\classfile\systemDictionary.cpp, line 256]
Event: 170.868 Thread 0x0000020e66949a40 Exception <a 'java/lang/ClassNotFoundException'{0x00000000ef47ee80}: org/gradle/language/jvm/tasks/ProcessResourcesBeanInfo> (0x00000000ef47ee80) 
thrown [s\open\src\hotspot\share\classfile\systemDictionary.cpp, line 256]
Event: 170.874 Thread 0x0000020e66949a40 Exception <a 'java/lang/ClassNotFoundException'{0x00000000ef4b54a0}: org/gradle/api/tasks/CopyBeanInfo> (0x00000000ef4b54a0) 
thrown [s\open\src\hotspot\share\classfile\systemDictionary.cpp, line 256]
Event: 170.900 Thread 0x0000020e66949a40 Exception <a 'java/lang/ClassNotFoundException'{0x00000000ef4bff48}: org/gradle/api/tasks/AbstractCopyTaskBeanInfo> (0x00000000ef4bff48) 
thrown [s\open\src\hotspot\share\classfile\systemDictionary.cpp, line 256]
Event: 170.905 Thread 0x0000020e66949a40 Exception <a 'java/lang/ClassNotFoundException'{0x00000000ef4ca4d8}: org/gradle/api/tasks/AbstractCopyTaskCustomizer> (0x00000000ef4ca4d8) 
thrown [s\open\src\hotspot\share\classfile\systemDictionary.cpp, line 256]
Event: 171.091 Thread 0x0000020e66949a40 Exception <a 'java/lang/ClassNotFoundException'{0x00000000ef349da0}: org/gradle/api/tasks/CopyCustomizer> (0x00000000ef349da0) 
thrown [s\open\src\hotspot\share\classfile\systemDictionary.cpp, line 256]
Event: 171.100 Thread 0x0000020e66949a40 Exception <a 'java/lang/ClassNotFoundException'{0x00000000ef36d988}: org/gradle/language/jvm/tasks/ProcessResourcesCustomizer> (0x00000000ef36d988) 
thrown [s\open\src\hotspot\share\classfile\systemDictionary.cpp, line 256]
Event: 171.105 Thread 0x0000020e66949a40 Exception <a 'java/lang/ClassNotFoundException'{0x00000000ef38eb50}: org/gradle/language/jvm/tasks/ProcessResources_DecoratedCustomizer> (0x00000000ef38eb50) 
thrown [s\open\src\hotspot\share\classfile\systemDictionary.cpp, line 256]
Event: 171.428 Thread 0x0000020e66949a40 Exception <a 'java/lang/ClassNotFoundException'{0x00000000ef223720}: org/gradle/api/DefaultTask_DecoratedBeanInfo> (0x00000000ef223720) 
thrown [s\open\src\hotspot\share\classfile\systemDictionary.cpp, line 256]
Event: 171.430 Thread 0x0000020e66949a40 Exception <a 'java/lang/ClassNotFoundException'{0x00000000ef22db08}: org/gradle/api/DefaultTask_DecoratedCustomizer> (0x00000000ef22db08) 
thrown [s\open\src\hotspot\share\classfile\systemDictionary.cpp, line 256]

VM Operations (20 events):
Event: 161.452 Executing VM operation: Cleanup
Event: 161.482 Executing VM operation: Cleanup done
Event: 162.483 Executing VM operation: Cleanup
Event: 162.486 Executing VM operation: Cleanup done
Event: 163.501 Executing VM operation: Cleanup
Event: 163.582 Executing VM operation: Cleanup done
Event: 163.643 Executing VM operation: G1CollectForAllocation
Event: 163.785 Executing VM operation: G1CollectForAllocation done
Event: 164.798 Executing VM operation: Cleanup
Event: 166.782 Executing VM operation: Cleanup done
Event: 167.816 Executing VM operation: Cleanup
Event: 167.844 Executing VM operation: Cleanup done
Event: 167.868 Executing VM operation: HandshakeAllThreads
Event: 167.868 Executing VM operation: HandshakeAllThreads done
Event: 168.884 Executing VM operation: Cleanup
Event: 169.085 Executing VM operation: Cleanup done
Event: 170.091 Executing VM operation: Cleanup
Event: 170.109 Executing VM operation: Cleanup done
Event: 171.150 Executing VM operation: Cleanup
Event: 171.499 Executing VM operation: Cleanup done

Events (20 events):
Event: 154.750 loading class sun/reflect/generics/reflectiveObjects/GenericArrayTypeImpl
Event: 154.751 loading class sun/reflect/generics/reflectiveObjects/GenericArrayTypeImpl done
Event: 158.310 loading class sun/reflect/generics/tree/LongSignature
Event: 158.310 loading class sun/reflect/generics/tree/LongSignature done
Event: 164.323 loading class java/util/Comparators$NaturalOrderComparator
Event: 164.324 loading class java/util/Comparators$NaturalOrderComparator done
Event: 164.325 loading class java/util/stream/ReduceOps$2
Event: 164.325 loading class java/util/stream/ReduceOps$2 done
Event: 164.325 loading class java/util/stream/ReduceOps$2ReducingSink
Event: 164.326 loading class java/util/stream/ReduceOps$2ReducingSink done
Event: 170.924 loading class java/io/FilterReader
Event: 170.925 loading class java/io/FilterReader done
Event: 171.495 Thread 0x0000020e66ad1bb0 Thread added: 0x0000020e66ad1bb0
Event: 171.702 Thread 0x0000020e66ad2a20 Thread added: 0x0000020e66ad2a20
Event: 171.702 Thread 0x0000020e66ad63e0 Thread added: 0x0000020e66ad63e0
Event: 171.703 Thread 0x0000020e66ad0d40 Thread added: 0x0000020e66ad0d40
Event: 171.703 Thread 0x0000020e66ad1210 Thread added: 0x0000020e66ad1210
Event: 171.703 Thread 0x0000020e66ad2080 Thread added: 0x0000020e66ad2080
Event: 171.703 Thread 0x0000020e66ad4230 Thread added: 0x0000020e66ad4230
Event: 171.704 Thread 0x0000020e66ad5a40 Thread added: 0x0000020e66ad5a40


Dynamic libraries:
0x00007ff636b60000 - 0x00007ff636b70000 	C:\Program Files\Java\jdk-17\bin\java.exe
0x00007ffa06030000 - 0x00007ffa06246000 	C:\Windows\SYSTEM32\ntdll.dll
0x00007ffa04980000 - 0x00007ffa04a44000 	C:\Windows\System32\KERNEL32.DLL
0x00007ffa03690000 - 0x00007ffa03a37000 	C:\Windows\System32\KERNELBASE.dll
0x00007ffa03ba0000 - 0x00007ffa03cb1000 	C:\Windows\System32\ucrtbase.dll
0x00007ff9f5bc0000 - 0x00007ff9f5bd9000 	C:\Program Files\Java\jdk-17\bin\jli.dll
0x00007ffa04410000 - 0x00007ffa044c2000 	C:\Windows\System32\ADVAPI32.dll
0x00007ffa04320000 - 0x00007ffa043c7000 	C:\Windows\System32\msvcrt.dll
0x00007ffa05bb0000 - 0x00007ffa05c58000 	C:\Windows\System32\sechost.dll
0x00007ffa03cc0000 - 0x00007ffa03ce8000 	C:\Windows\System32\bcrypt.dll
0x00007ffa03d60000 - 0x00007ffa03e75000 	C:\Windows\System32\RPCRT4.dll
0x00007ffa05970000 - 0x00007ffa05b1e000 	C:\Windows\System32\USER32.dll
0x00007ffa034c0000 - 0x00007ffa034e6000 	C:\Windows\System32\win32u.dll
0x00007ffa04950000 - 0x00007ffa04979000 	C:\Windows\System32\GDI32.dll
0x00007ffa034f0000 - 0x00007ffa03609000 	C:\Windows\System32\gdi32full.dll
0x00007ffa03a40000 - 0x00007ffa03ada000 	C:\Windows\System32\msvcp_win.dll
0x00007ff9fde20000 - 0x00007ff9fde3b000 	C:\Program Files\Java\jdk-17\bin\VCRUNTIME140.dll
0x00007ff9ed170000 - 0x00007ff9ed403000 	C:\Windows\WinSxS\amd64_microsoft.windows.common-controls_6595b64144ccf1df_6.0.22621.3235_none_270f74e173860f98\COMCTL32.dll
0x00007ff9fbc30000 - 0x00007ff9fbc3a000 	C:\Windows\SYSTEM32\VERSION.dll
0x00007ffa043d0000 - 0x00007ffa04401000 	C:\Windows\System32\IMM32.DLL
0x00007ff9fc8d0000 - 0x00007ff9fc8dc000 	C:\Program Files\Java\jdk-17\bin\vcruntime140_1.dll
0x00007ff9bcba0000 - 0x00007ff9bcc2e000 	C:\Program Files\Java\jdk-17\bin\msvcp140.dll
0x00007ff9a2f00000 - 0x00007ff9a3ade000 	C:\Program Files\Java\jdk-17\bin\server\jvm.dll
0x00007ffa05900000 - 0x00007ffa05908000 	C:\Windows\System32\PSAPI.DLL
0x00007ff9fb330000 - 0x00007ff9fb339000 	C:\Windows\SYSTEM32\WSOCK32.dll
0x00007ffa056d0000 - 0x00007ffa05741000 	C:\Windows\System32\WS2_32.dll
0x00007ff9fbd10000 - 0x00007ff9fbd44000 	C:\Windows\SYSTEM32\WINMM.dll
0x00007ffa02350000 - 0x00007ffa02368000 	C:\Windows\SYSTEM32\kernel.appcore.dll
0x00007ff9fb7b0000 - 0x00007ff9fb7ba000 	C:\Program Files\Java\jdk-17\bin\jimage.dll
0x00007ffa00c40000 - 0x00007ffa00e73000 	C:\Windows\SYSTEM32\DBGHELP.DLL
0x00007ffa05c60000 - 0x00007ffa05fe8000 	C:\Windows\System32\combase.dll
0x00007ffa052b0000 - 0x00007ffa05387000 	C:\Windows\System32\OLEAUT32.dll
0x00007ff9f96f0000 - 0x00007ff9f9722000 	C:\Windows\SYSTEM32\dbgcore.DLL
0x00007ffa03610000 - 0x00007ffa03689000 	C:\Windows\System32\bcryptPrimitives.dll
0x00007ff9f5860000 - 0x00007ff9f586e000 	C:\Program Files\Java\jdk-17\bin\instrument.dll
0x00007ff9eae30000 - 0x00007ff9eae55000 	C:\Program Files\Java\jdk-17\bin\java.dll
0x00007ff9bcac0000 - 0x00007ff9bcb97000 	C:\Program Files\Java\jdk-17\bin\jsvml.dll
0x00007ffa04a50000 - 0x00007ffa052ac000 	C:\Windows\System32\SHELL32.dll
0x00007ffa01260000 - 0x00007ffa01b59000 	C:\Windows\SYSTEM32\windows.storage.dll
0x00007ffa01120000 - 0x00007ffa0125e000 	C:\Windows\SYSTEM32\wintypes.dll
0x00007ffa05510000 - 0x00007ffa05603000 	C:\Windows\System32\SHCORE.dll
0x00007ffa048f0000 - 0x00007ffa0494e000 	C:\Windows\System32\shlwapi.dll
0x00007ffa03280000 - 0x00007ffa032a1000 	C:\Windows\SYSTEM32\profapi.dll
0x00007ff9ee680000 - 0x00007ff9ee698000 	C:\Program Files\Java\jdk-17\bin\zip.dll
0x00007ff9ee290000 - 0x00007ff9ee2a9000 	C:\Program Files\Java\jdk-17\bin\net.dll
0x00007ff9fc080000 - 0x00007ff9fc1b6000 	C:\Windows\SYSTEM32\WINHTTP.dll
0x00007ffa027b0000 - 0x00007ffa02819000 	C:\Windows\system32\mswsock.dll
0x00007ff9ede90000 - 0x00007ff9edea6000 	C:\Program Files\Java\jdk-17\bin\nio.dll
0x00007ff9f5850000 - 0x00007ff9f5860000 	C:\Program Files\Java\jdk-17\bin\verify.dll
0x00007ff9de490000 - 0x00007ff9de4b7000 	C:\Users\phgss\.gradle\native\c067742578af261105cb4f569cf0c3c89f3d7b1fecec35dd04571415982c5e48\windows-amd64\native-platform.dll
0x00007ff9bc550000 - 0x00007ff9bc694000 	C:\Users\phgss\.gradle\native\38dada09dfb8b06ba9b0570ebf7e218e3eb74d4ef43ca46872605cf95ebc2f47\windows-amd64\native-platform-file-events.dll
0x00007ff9f0660000 - 0x00007ff9f066a000 	C:\Program Files\Java\jdk-17\bin\management.dll
0x00007ff9f0640000 - 0x00007ff9f064b000 	C:\Program Files\Java\jdk-17\bin\management_ext.dll
0x00007ffa02a60000 - 0x00007ffa02a7b000 	C:\Windows\SYSTEM32\CRYPTSP.dll
0x00007ffa022b0000 - 0x00007ffa022e5000 	C:\Windows\system32\rsaenh.dll
0x00007ffa02860000 - 0x00007ffa02888000 	C:\Windows\SYSTEM32\USERENV.dll
0x00007ffa02a50000 - 0x00007ffa02a5c000 	C:\Windows\SYSTEM32\CRYPTBASE.dll
0x00007ffa01dc0000 - 0x00007ffa01ded000 	C:\Windows\SYSTEM32\IPHLPAPI.DLL
0x00007ffa047b0000 - 0x00007ffa047b9000 	C:\Windows\System32\NSI.dll
0x00007ff9fc3b0000 - 0x00007ff9fc3c9000 	C:\Windows\SYSTEM32\dhcpcsvc6.DLL
0x00007ff9fbfd0000 - 0x00007ff9fbfef000 	C:\Windows\SYSTEM32\dhcpcsvc.DLL
0x00007ffa01e30000 - 0x00007ffa01f29000 	C:\Windows\SYSTEM32\DNSAPI.dll
0x00007ff9ee6b0000 - 0x00007ff9ee6be000 	C:\Program Files\Java\jdk-17\bin\sunmscapi.dll
0x00007ffa03350000 - 0x00007ffa034b7000 	C:\Windows\System32\CRYPT32.dll
0x00007ffa02cf0000 - 0x00007ffa02d1e000 	C:\Windows\SYSTEM32\ncrypt.dll
0x00007ffa02cb0000 - 0x00007ffa02ce7000 	C:\Windows\SYSTEM32\NTASN1.dll
0x00007ff9f5df0000 - 0x00007ff9f5df8000 	C:\Windows\system32\wshunix.dll

dbghelp: loaded successfully - version: 4.0.5 - missing functions: none
symbol engine: initialized successfully - sym options: 0x614 - pdb path: .;C:\Program Files\Java\jdk-17\bin;C:\Windows\SYSTEM32;C:\Windows\WinSxS\amd64_microsoft.windows.common-controls_6595b64144ccf1df_6.0.22621.3235_none_270f74e173860f98;C:\Program Files\Java\jdk-17\bin\server;C:\Users\phgss\.gradle\native\c067742578af261105cb4f569cf0c3c89f3d7b1fecec35dd04571415982c5e48\windows-amd64;C:\Users\phgss\.gradle\native\38dada09dfb8b06ba9b0570ebf7e218e3eb74d4ef43ca46872605cf95ebc2f47\windows-amd64

VM Arguments:
jvm_args: --add-opens=java.base/java.util=ALL-UNNAMED --add-opens=java.base/java.lang=ALL-UNNAMED --add-opens=java.base/java.lang.invoke=ALL-UNNAMED --add-opens=java.prefs/java.util.prefs=ALL-UNNAMED --add-opens=java.base/java.nio.charset=ALL-UNNAMED --add-opens=java.base/java.net=ALL-UNNAMED --add-opens=java.base/java.util.concurrent.atomic=ALL-UNNAMED -XX:MaxMetaspaceSize=384m -XX:+HeapDumpOnOutOfMemoryError -Xms256m -Xmx512m -Dfile.encoding=windows-1252 -Duser.country=US -Duser.language=en -Duser.variant -javaagent:C:\Users\phgss\.gradle\wrapper\dists\gradle-8.6-bin\afr5mpiioh2wthjmwnkmdsd5w\gradle-8.6\lib\agents\gradle-instrumentation-agent-8.6.jar 
java_command: org.gradle.launcher.daemon.bootstrap.GradleDaemon 8.6
java_class_path (initial): C:\Users\phgss\.gradle\wrapper\dists\gradle-8.6-bin\afr5mpiioh2wthjmwnkmdsd5w\gradle-8.6\lib\gradle-launcher-8.6.jar
Launcher Type: SUN_STANDARD

[Global flags]
     intx CICompilerCount                          = 4                                         {product} {ergonomic}
   size_t CompressedClassSpaceSize                 = 335544320                                 {product} {ergonomic}
     uint ConcGCThreads                            = 2                                         {product} {ergonomic}
     uint G1ConcRefinementThreads                  = 8                                         {product} {ergonomic}
   size_t G1HeapRegionSize                         = 1048576                                   {product} {ergonomic}
    uintx GCDrainStackTargetSize                   = 64                                        {product} {ergonomic}
     bool HeapDumpOnOutOfMemoryError               = true                                   {manageable} {command line}
   size_t InitialHeapSize                          = 268435456                                 {product} {command line}
   size_t MarkStackSize                            = 4194304                                   {product} {ergonomic}
   size_t MaxHeapSize                              = 536870912                                 {product} {command line}
   size_t MaxMetaspaceSize                         = 402653184                                 {product} {command line}
   size_t MaxNewSize                               = 321912832                                 {product} {ergonomic}
   size_t MinHeapDeltaBytes                        = 1048576                                   {product} {ergonomic}
   size_t MinHeapSize                              = 268435456                                 {product} {command line}
    uintx NonNMethodCodeHeapSize                   = 5839372                                {pd product} {ergonomic}
    uintx NonProfiledCodeHeapSize                  = 122909434                              {pd product} {ergonomic}
    uintx ProfiledCodeHeapSize                     = 122909434                              {pd product} {ergonomic}
    uintx ReservedCodeCacheSize                    = 251658240                              {pd product} {ergonomic}
     bool SegmentedCodeCache                       = true                                      {product} {ergonomic}
   size_t SoftMaxHeapSize                          = 536870912                              {manageable} {ergonomic}
     bool UseCompressedClassPointers               = true                           {product lp64_product} {ergonomic}
     bool UseCompressedOops                        = true                           {product lp64_product} {ergonomic}
     bool UseG1GC                                  = true                                      {product} {ergonomic}
     bool UseLargePagesIndividualAllocation        = false                                  {pd product} {ergonomic}

Logging:
Log output configuration:
 #0: stdout all=warning uptime,level,tags
 #1: stderr all=off uptime,level,tags

Environment Variables:
JAVA_HOME=C:\Program Files\Java\jdk-17
PATH=C:\Program Files\Common Files\Oracle\Java\javapath;C:\Windows\system32;C:\Windows;C:\Windows\System32\Wbem;C:\Windows\System32\WindowsPowerShell\v1.0\;C:\Windows\System32\OpenSSH\;C:\Program Files\nodejs\;C:\Program Files\Microsoft SQL Server\150\Tools\Binn\;C:\Program Files\dotnet\;C:\Program Files\Git\cmd;E:\matlab\bin;C:\Program Files\Java\jdk-17\bin;;C:\Program Files\Docker\Docker\resources\bin;C:\Users\phgss\.console-ninja\.bin;C:\Users\phgss\AppData\Local\Microsoft\WindowsApps;C:\Users\phgss\AppData\Local\Programs\Microsoft VS Code\bin;C:\Users\phgss\AppData\Local\GitHubDesktop\bin;C:\Users\phgss\AppData\Roaming\npm;C:\Program Files\JetBrains\IntelliJ IDEA 2023.2.1\bin;;C:\Program Files\Java\jdk-17\bin;C:\Users\phgss\AppData\Local\Android\Sdk\platform-tools;
USERNAME=phgss
OS=Windows_NT
PROCESSOR_IDENTIFIER=Intel64 Family 6 Model 142 Stepping 12, GenuineIntel



---------------  S Y S T E M  ---------------

OS:
 Windows 11 , 64 bit Build 22621 (10.0.22621.3374)
OS uptime: 2 days 17:01 hours
Hyper-V role detected

CPU: total 8 (initial active 8) (4 cores per cpu, 2 threads per core) family 6 model 142 stepping 12 microcode 0xde, cx8, cmov, fxsr, ht, mmx, 3dnowpref, sse, sse2, sse3, ssse3, sse4.1, sse4.2, popcnt, lzcnt, tsc, tscinvbit, avx, avx2, aes, erms, clmul, bmi1, bmi2, adx, fma, vzeroupper, clflush, clflushopt, hv

Memory: 4k page, system-wide physical 8043M (228M free)
TotalPageFile size 29417M (AvailPageFile size 1M)
current process WorkingSet (physical memory assigned to process): 213M, peak: 278M
current process commit charge ("private bytes"): 472M, peak: 473M

vm_info: Java HotSpot(TM) 64-Bit Server VM (17.0.8+9-LTS-211) for windows-amd64 JRE (17.0.8+9-LTS-211), built on Jun 14 2023 10:34:31 by "mach5one" with MS VC++ 17.1 (VS2022)

END.
